Using pre-set license
Built from '2022.3/staging' branch; Version is '2022.3.7f1 (b16b3b16c7a0) revision 11627323'; Using compiler version '192829333'; Build Type 'Release'
OS: 'Windows 11  (10.0.22621) 64bit Core' Language: 'en' Physical Memory: 16122 MB
BatchMode: 1, IsHumanControllingUs: 0, StartBugReporterOnCrash: 0, Is64bit: 1, IsPro: 1

COMMAND LINE ARGUMENTS:
C:\Program Files\Unity 2022.3.7f1\Editor\Unity.exe
-adb2
-batchMode
-noUpm
-name
AssetImportWorker5
-projectPath
C:/Atharva/Unity 3D/flight-sim-unity-2022/Flight Sim
-logFile
Logs/AssetImportWorker5.log
-srvPort
56754
Successfully changed project path to: C:/Atharva/Unity 3D/flight-sim-unity-2022/Flight Sim
C:/Atharva/Unity 3D/flight-sim-unity-2022/Flight Sim
[UnityMemory] Configuration Parameters - Can be set up in boot.config
    "memorysetup-bucket-allocator-granularity=16"
    "memorysetup-bucket-allocator-bucket-count=8"
    "memorysetup-bucket-allocator-block-size=33554432"
    "memorysetup-bucket-allocator-block-count=8"
    "memorysetup-main-allocator-block-size=16777216"
    "memorysetup-thread-allocator-block-size=16777216"
    "memorysetup-gfx-main-allocator-block-size=16777216"
    "memorysetup-gfx-thread-allocator-block-size=16777216"
    "memorysetup-cache-allocator-block-size=4194304"
    "memorysetup-typetree-allocator-block-size=2097152"
    "memorysetup-profiler-bucket-allocator-granularity=16"
    "memorysetup-profiler-bucket-allocator-bucket-count=8"
    "memorysetup-profiler-bucket-allocator-block-size=33554432"
    "memorysetup-profiler-bucket-allocator-block-count=8"
    "memorysetup-profiler-allocator-block-size=16777216"
    "memorysetup-profiler-editor-allocator-block-size=1048576"
    "memorysetup-temp-allocator-size-main=16777216"
    "memorysetup-job-temp-allocator-block-size=2097152"
    "memorysetup-job-temp-allocator-block-size-background=1048576"
    "memorysetup-job-temp-allocator-reduction-small-platforms=262144"
    "memorysetup-allocator-temp-initial-block-size-main=262144"
    "memorysetup-allocator-temp-initial-block-size-worker=262144"
    "memorysetup-temp-allocator-size-background-worker=32768"
    "memorysetup-temp-allocator-size-job-worker=262144"
    "memorysetup-temp-allocator-size-preload-manager=33554432"
    "memorysetup-temp-allocator-size-nav-mesh-worker=65536"
    "memorysetup-temp-allocator-size-audio-worker=65536"
    "memorysetup-temp-allocator-size-cloud-worker=32768"
    "memorysetup-temp-allocator-size-gi-baking-worker=262144"
    "memorysetup-temp-allocator-size-gfx=262144"
Player connection [15128] Host "[IP] 169.254.105.241 [Port] 0 [Flags] 2 [Guid] 866346324 [EditorId] 866346324 [Version] 1048832 [Id] WindowsEditor(7,DESKTOP-PHM46NR) [Debug] 1 [PackageName] WindowsEditor [ProjectName] Editor" joined multi-casting on [225.0.0.222:54997]...

Player connection [15128] Host "[IP] 169.254.105.241 [Port] 0 [Flags] 2 [Guid] 866346324 [EditorId] 866346324 [Version] 1048832 [Id] WindowsEditor(7,DESKTOP-PHM46NR) [Debug] 1 [PackageName] WindowsEditor [ProjectName] Editor" joined alternative multi-casting on [225.0.0.222:34997]...

Refreshing native plugins compatible for Editor in 34.69 ms, found 3 plugins.
Preloading 0 native plugins for Editor in 0.00 ms.
Initialize engine version: 2022.3.7f1 (b16b3b16c7a0)
[Subsystems] Discovering subsystems at path C:/Program Files/Unity 2022.3.7f1/Editor/Data/Resources/UnitySubsystems
[Subsystems] Discovering subsystems at path C:/Atharva/Unity 3D/flight-sim-unity-2022/Flight Sim/Assets
GfxDevice: creating device client; threaded=0; jobified=0
Direct3D:
    Version:  Direct3D 11.0 [level 11.1]
    Renderer: NVIDIA GeForce RTX 3050 Laptop GPU (ID=0x25a2)
    Vendor:   NVIDIA
    VRAM:     3979 MB
    Driver:   31.0.15.2879
Shader 'Custom/AdditiveTintable': fallback shader 'Particles/Additive (Soft)' not found
Initialize mono
Mono path[0] = 'C:/Program Files/Unity 2022.3.7f1/Editor/Data/Managed'
Mono path[1] = 'C:/Program Files/Unity 2022.3.7f1/Editor/Data/MonoBleedingEdge/lib/mono/unityjit-win32'
Mono config path = 'C:/Program Files/Unity 2022.3.7f1/Editor/Data/MonoBleedingEdge/etc'
Using monoOptions --debugger-agent=transport=dt_socket,embedding=1,server=y,suspend=n,address=127.0.0.1:56912
Begin MonoManager ReloadAssembly
Registering precompiled unity dll's ...
Register platform support module: C:/Program Files/Unity 2022.3.7f1/Editor/Data/PlaybackEngines/WindowsStandaloneSupport/UnityEditor.WindowsStandalone.Extensions.dll
Registered in 0.012608 seconds.
- Loaded All Assemblies, in  0.581 seconds
Native extension for WindowsStandalone target not found
Mono: successfully reloaded assembly
- Finished resetting the current domain, in  0.415 seconds
Domain Reload Profiling: 993ms
	BeginReloadAssembly (211ms)
		ExecutionOrderSort (0ms)
		DisableScriptedObjects (0ms)
		BackupInstance (0ms)
		ReleaseScriptingObjects (0ms)
		CreateAndSetChildDomain (6ms)
	RebuildCommonClasses (55ms)
	RebuildNativeTypeToScriptingClass (17ms)
	initialDomainReloadingComplete (92ms)
	LoadAllAssembliesAndSetupDomain (203ms)
		LoadAssemblies (201ms)
		RebuildTransferFunctionScriptingTraits (0ms)
		AnalyzeDomain (200ms)
			TypeCache.Refresh (197ms)
				TypeCache.ScanAssembly (175ms)
			ScanForSourceGeneratedMonoScriptInfo (1ms)
			ResolveRequiredComponents (1ms)
	FinalizeReload (415ms)
		ReleaseScriptCaches (0ms)
		RebuildScriptCaches (0ms)
		SetupLoadedEditorAssemblies (348ms)
			LogAssemblyErrors (0ms)
			InitializePlatformSupportModulesInManaged (15ms)
			SetLoadedEditorAssemblies (9ms)
			RefreshPlugins (0ms)
			BeforeProcessingInitializeOnLoad (3ms)
			ProcessInitializeOnLoadAttributes (254ms)
			ProcessInitializeOnLoadMethodAttributes (66ms)
			AfterProcessingInitializeOnLoad (0ms)
			EditorAssembliesLoaded (0ms)
		ExecutionOrderSort2 (0ms)
		AwakeInstancesAfterBackupRestoration (0ms)
========================================================================
Worker process is ready to serve import requests
Begin MonoManager ReloadAssembly
Symbol file LoadedFromMemory doesn't match image C:\Atharva\Unity 3D\flight-sim-unity-2022\Flight Sim\Library\PackageCache\com.unity.visualscripting@1.8.0\Editor\VisualScripting.Core\Dependencies\YamlDotNet\Unity.VisualScripting.YamlDotNet.dll
Symbol file LoadedFromMemory doesn't match image C:\Atharva\Unity 3D\flight-sim-unity-2022\Flight Sim\Library\PackageCache\com.unity.visualscripting@1.8.0\Editor\VisualScripting.Core\Dependencies\DotNetZip\Unity.VisualScripting.IonicZip.dll
- Loaded All Assemblies, in  1.091 seconds
Refreshing native plugins compatible for Editor in 5.53 ms, found 3 plugins.
Native extension for WindowsStandalone target not found
Mono: successfully reloaded assembly
- Finished resetting the current domain, in  0.707 seconds
Domain Reload Profiling: 1794ms
	BeginReloadAssembly (239ms)
		ExecutionOrderSort (0ms)
		DisableScriptedObjects (8ms)
		BackupInstance (0ms)
		ReleaseScriptingObjects (0ms)
		CreateAndSetChildDomain (34ms)
	RebuildCommonClasses (57ms)
	RebuildNativeTypeToScriptingClass (15ms)
	initialDomainReloadingComplete (57ms)
	LoadAllAssembliesAndSetupDomain (718ms)
		LoadAssemblies (586ms)
		RebuildTransferFunctionScriptingTraits (0ms)
		AnalyzeDomain (279ms)
			TypeCache.Refresh (257ms)
				TypeCache.ScanAssembly (231ms)
			ScanForSourceGeneratedMonoScriptInfo (15ms)
			ResolveRequiredComponents (5ms)
	FinalizeReload (708ms)
		ReleaseScriptCaches (0ms)
		RebuildScriptCaches (0ms)
		SetupLoadedEditorAssemblies (505ms)
			LogAssemblyErrors (0ms)
			InitializePlatformSupportModulesInManaged (8ms)
			SetLoadedEditorAssemblies (6ms)
			RefreshPlugins (0ms)
			BeforeProcessingInitializeOnLoad (76ms)
			ProcessInitializeOnLoadAttributes (365ms)
			ProcessInitializeOnLoadMethodAttributes (33ms)
			AfterProcessingInitializeOnLoad (17ms)
			EditorAssembliesLoaded (0ms)
		ExecutionOrderSort2 (0ms)
		AwakeInstancesAfterBackupRestoration (16ms)
Shader 'Custom/AdditiveTintable': fallback shader 'Particles/Additive (Soft)' not found
Launched and connected shader compiler UnityShaderCompiler.exe after 0.09 seconds
Refreshing native plugins compatible for Editor in 6.50 ms, found 3 plugins.
Preloading 0 native plugins for Editor in 0.00 ms.
Unloading 3205 Unused Serialized files (Serialized files now loaded: 0)
Unloading 31 unused Assets / (56.3 KB). Loaded Objects now: 3669.
Memory consumption went from 117.9 MB to 117.8 MB.
Total: 6.207900 ms (FindLiveObjects: 0.501500 ms CreateObjectMapping: 0.307900 ms MarkObjects: 4.879000 ms  DeleteObjects: 0.517000 ms)

AssetImportParameters requested are different than current active one (requested -> active):
  custom:container-demuxer-ogg: 62fdf1f143b41e24485cea50d1cbac27 -> 
  custom:video-codec-MediaFoundation-h265: 746d11721c4dcdbdad8f713fa42b33f4 -> 
  custom:video-decoder-ogg-theora: a1e56fd34408186e4bbccfd4996cb3dc -> 
  custom:framework-win-MediaFoundation: 216162199b28c13a410421893ffa2e32 -> 
  custom:CustomObjectIndexerAttribute: 756ad292c208cfabdd7b50bc23989ffe -> 
  custom:container-demuxer-webm: 4f35f7cbe854078d1ac9338744f61a02 -> 
  custom:container-muxer-webm: aa71ff27fc2769a1b78a27578f13a17b -> 
  custom:video-decoder-webm-vp8: 9c59270c3fd7afecdb556c50c9e8de78 -> 
  custom:SearchIndexIgnoredProperties: e643bd26f0fe6173181afceb89e7c659 -> 
  custom:AudioImporter_EditorPlatform: d09bf68614088b80899f8185d706f6e7 -> 
  custom:video-encoder-webm-vp8: eb34c28f22e8b96e1ab97ce403110664 -> 
  custom:audio-decoder-ogg-vorbis: bf7c407c2cedff20999df2af8eb42d56 -> 
  custom:audio-encoder-webm-vorbis: bf7c407c2cedff20999df2af8eb42d56 -> 
========================================================================
Received Import Request.
  Time since last request: 96133.270129 seconds.
  path: Assets/Silantro Simulator/Silantro/Support/Standard Assets/CrossPlatformInput/Sprites/ButtonThumbstickUpSprite.png
  artifactKey: Guid(9866a92691696b346901281f2b329034) Importer(2089858483,0ecaa5967403d082aa24f35e1b516d23)
Start importing Assets/Silantro Simulator/Silantro/Support/Standard Assets/CrossPlatformInput/Sprites/ButtonThumbstickUpSprite.png using Guid(9866a92691696b346901281f2b329034) Importer(2089858483,0ecaa5967403d082aa24f35e1b516d23) Generated GUIDs only implemented for interfaces!
 -> (artifact id: 'b44aeef65e8530e12c09112235c58153') in 0.205967 seconds
Number of updated asset objects reloaded before import = 0
Number of asset objects unloaded after import = 3
========================================================================
Received Import Request.
  Time since last request: 0.000039 seconds.
  path: Assets/Silantro Simulator/Silantro/Support/Standard Assets/CrossPlatformInput/Sprites/ButtonThumbstickOverSprite.png
  artifactKey: Guid(5485e2f56028a3c4cb54f5caa167377e) Importer(2089858483,0ecaa5967403d082aa24f35e1b516d23)
Start importing Assets/Silantro Simulator/Silantro/Support/Standard Assets/CrossPlatformInput/Sprites/ButtonThumbstickOverSprite.png using Guid(5485e2f56028a3c4cb54f5caa167377e) Importer(2089858483,0ecaa5967403d082aa24f35e1b516d23) Generated GUIDs only implemented for interfaces!
 -> (artifact id: 'e58425bf0777bfea876326b486c86d12') in 0.025089 seconds
Number of updated asset objects reloaded before import = 0
Number of asset objects unloaded after import = 3
========================================================================
Received Import Request.
  Time since last request: 0.000025 seconds.
  path: Assets/Silantro Simulator/Fixed Wing/Sounds/Default/Engines/Propeller/Interior/Engine Shutdown Interior.wav
  artifactKey: Guid(38028739786f96b429e94bb9a4fa6971) Importer(2089858483,0ecaa5967403d082aa24f35e1b516d23)
Start importing Assets/Silantro Simulator/Fixed Wing/Sounds/Default/Engines/Propeller/Interior/Engine Shutdown Interior.wav using Guid(38028739786f96b429e94bb9a4fa6971) Importer(2089858483,0ecaa5967403d082aa24f35e1b516d23) Generated GUIDs only implemented for interfaces!
 -> (artifact id: '35997b560587e8e8c3182b837e97c4c9') in 0.090378 seconds
Number of updated asset objects reloaded before import = 0
Number of asset objects unloaded after import = 1
========================================================================
Received Import Request.
  Time since last request: 0.000021 seconds.
  path: Assets/Silantro Simulator/Silantro/Support/Standard Assets/Characters/FirstPersonCharacter/Audio/Jump.wav
  artifactKey: Guid(5897aeed9b676024fbb8c694b421a861) Importer(2089858483,0ecaa5967403d082aa24f35e1b516d23)
Start importing Assets/Silantro Simulator/Silantro/Support/Standard Assets/Characters/FirstPersonCharacter/Audio/Jump.wav using Guid(5897aeed9b676024fbb8c694b421a861) Importer(2089858483,0ecaa5967403d082aa24f35e1b516d23) Generated GUIDs only implemented for interfaces!
 -> (artifact id: '10f0fbd5cea945fec7b531dedc2883db') in 0.046976 seconds
Number of updated asset objects reloaded before import = 0
Number of asset objects unloaded after import = 1
========================================================================
Received Import Request.
  Time since last request: 0.000078 seconds.
  path: Assets/Silantro Simulator/Silantro/Support/Standard Assets/ParticleSystems/Prefabs/Afterburner.prefab
  artifactKey: Guid(d8c41be67f41aa545ae053b0b927f821) Importer(2089858483,0ecaa5967403d082aa24f35e1b516d23)
Start importing Assets/Silantro Simulator/Silantro/Support/Standard Assets/ParticleSystems/Prefabs/Afterburner.prefab using Guid(d8c41be67f41aa545ae053b0b927f821) Importer(2089858483,0ecaa5967403d082aa24f35e1b516d23) Generated GUIDs only implemented for interfaces!
 -> (artifact id: 'e562bbfbb5376367646647f5bf1bd845') in 0.133023 seconds
Number of updated asset objects reloaded before import = 0
Number of asset objects unloaded after import = 11
========================================================================
Received Import Request.
  Time since last request: 0.000031 seconds.
  path: Assets/Silantro Simulator/Silantro/Support/Standard Assets/Characters/ThirdPersonCharacter/Textures/EthanNormals.png
  artifactKey: Guid(3b5b7be0f2332c24f89a2af018daa62d) Importer(2089858483,0ecaa5967403d082aa24f35e1b516d23)
Start importing Assets/Silantro Simulator/Silantro/Support/Standard Assets/Characters/ThirdPersonCharacter/Textures/EthanNormals.png using Guid(3b5b7be0f2332c24f89a2af018daa62d) Importer(2089858483,0ecaa5967403d082aa24f35e1b516d23) Generated GUIDs only implemented for interfaces!
 -> (artifact id: '88c1ae7772ef926c5b3fb116dd264272') in 0.036401 seconds
Number of updated asset objects reloaded before import = 0
Number of asset objects unloaded after import = 1
========================================================================
Received Import Request.
  Time since last request: 0.000032 seconds.
  path: Assets/Silantro Simulator/Fixed Wing/Sounds/Default/Engines/Jet/Mixed/Exterior/Exterior Intake A.wav
  artifactKey: Guid(c40a6f1ed20ba4a4484c439f55e5b690) Importer(2089858483,0ecaa5967403d082aa24f35e1b516d23)
Start importing Assets/Silantro Simulator/Fixed Wing/Sounds/Default/Engines/Jet/Mixed/Exterior/Exterior Intake A.wav using Guid(c40a6f1ed20ba4a4484c439f55e5b690) Importer(2089858483,0ecaa5967403d082aa24f35e1b516d23) Generated GUIDs only implemented for interfaces!
 -> (artifact id: '0bc459d843b3f468844b0282479d4665') in 0.084206 seconds
Number of updated asset objects reloaded before import = 0
Number of asset objects unloaded after import = 1
========================================================================
Received Import Request.
  Time since last request: 0.000016 seconds.
  path: Assets/Silantro Simulator/Fixed Wing/Sounds/Default/Engines/Jet/Mixed/Default/Exterior Afterburner.ogg
  artifactKey: Guid(4c6a258a62e561340a6a7c860e665af8) Importer(2089858483,0ecaa5967403d082aa24f35e1b516d23)
Start importing Assets/Silantro Simulator/Fixed Wing/Sounds/Default/Engines/Jet/Mixed/Default/Exterior Afterburner.ogg using Guid(4c6a258a62e561340a6a7c860e665af8) Importer(2089858483,0ecaa5967403d082aa24f35e1b516d23) Generated GUIDs only implemented for interfaces!
 -> (artifact id: '3618d0f71179b1cc450015f08aef25c2') in 0.063549 seconds
Number of updated asset objects reloaded before import = 0
Number of asset objects unloaded after import = 1
========================================================================
Received Import Request.
  Time since last request: 0.000019 seconds.
  path: Assets/Silantro Simulator/Silantro/Support/Standard Assets/Characters/ThirdPersonCharacter/Animation/HumanoidIdleJumpUp.fbx
  artifactKey: Guid(e3680b5b9c39f6a44b26b460e1a48aa5) Importer(2089858483,0ecaa5967403d082aa24f35e1b516d23)
Start importing Assets/Silantro Simulator/Silantro/Support/Standard Assets/Characters/ThirdPersonCharacter/Animation/HumanoidIdleJumpUp.fbx using Guid(e3680b5b9c39f6a44b26b460e1a48aa5) Importer(2089858483,0ecaa5967403d082aa24f35e1b516d23) Generated GUIDs only implemented for interfaces!
 -> (artifact id: '9d3326fc1f4b122ca3d8bf4dd41ad6e4') in 0.287904 seconds
Number of updated asset objects reloaded before import = 0
Number of asset objects unloaded after import = 182
========================================================================
Received Import Request.
  Time since last request: 0.000029 seconds.
  path: Assets/Silantro Simulator/Fixed Wing/Textures/Lightmaps/A-10 Demonstrator/ReflectionProbe-0.exr
  artifactKey: Guid(98c1c8d99bcfb7645acb2a44d864f77e) Importer(2089858483,0ecaa5967403d082aa24f35e1b516d23)
Start importing Assets/Silantro Simulator/Fixed Wing/Textures/Lightmaps/A-10 Demonstrator/ReflectionProbe-0.exr using Guid(98c1c8d99bcfb7645acb2a44d864f77e) Importer(2089858483,0ecaa5967403d082aa24f35e1b516d23) Generated GUIDs only implemented for interfaces!
 -> (artifact id: '221a5d36c6f968160c47fd08a33b4c16') in 0.035719 seconds
Number of updated asset objects reloaded before import = 0
Number of asset objects unloaded after import = 1
========================================================================
Received Import Request.
  Time since last request: 0.000033 seconds.
  path: Assets/Silantro Simulator/Fixed Wing/Sounds/Default/Engines/Jet/Mixed/Interior/Interior Jet Start.wav
  artifactKey: Guid(f90c7ca49772a3648a073254e343a75b) Importer(2089858483,0ecaa5967403d082aa24f35e1b516d23)
Start importing Assets/Silantro Simulator/Fixed Wing/Sounds/Default/Engines/Jet/Mixed/Interior/Interior Jet Start.wav using Guid(f90c7ca49772a3648a073254e343a75b) Importer(2089858483,0ecaa5967403d082aa24f35e1b516d23) Generated GUIDs only implemented for interfaces!
 -> (artifact id: 'b30d37215f3ea3ca2371b603dd56b305') in 0.046303 seconds
Number of updated asset objects reloaded before import = 0
Number of asset objects unloaded after import = 1
========================================================================
Received Import Request.
  Time since last request: 0.000065 seconds.
  path: Assets/Silantro Simulator/Fixed Wing/Sounds/Default/Engines/Jet/Mixed/Exterior/Exterior Jet Start.wav
  artifactKey: Guid(3e3499c4733014c42bf9b08b2add11c9) Importer(2089858483,0ecaa5967403d082aa24f35e1b516d23)
Start importing Assets/Silantro Simulator/Fixed Wing/Sounds/Default/Engines/Jet/Mixed/Exterior/Exterior Jet Start.wav using Guid(3e3499c4733014c42bf9b08b2add11c9) Importer(2089858483,0ecaa5967403d082aa24f35e1b516d23) Generated GUIDs only implemented for interfaces!
 -> (artifact id: '0d5caa482e24281d18a8559f5859021a') in 0.041176 seconds
Number of updated asset objects reloaded before import = 0
Number of asset objects unloaded after import = 1
========================================================================
Received Import Request.
  Time since last request: 0.000023 seconds.
  path: Assets/Silantro Simulator/Fixed Wing/Sounds/Default/Engines/Jet/Mixed/Exterior/Exterior Side Idle.wav
  artifactKey: Guid(937a4d271462adc4e93d7d89e69448f5) Importer(2089858483,0ecaa5967403d082aa24f35e1b516d23)
Start importing Assets/Silantro Simulator/Fixed Wing/Sounds/Default/Engines/Jet/Mixed/Exterior/Exterior Side Idle.wav using Guid(937a4d271462adc4e93d7d89e69448f5) Importer(2089858483,0ecaa5967403d082aa24f35e1b516d23) Generated GUIDs only implemented for interfaces!
 -> (artifact id: '127bb1c40a0bc9f2e96964506ebe1799') in 0.074157 seconds
Number of updated asset objects reloaded before import = 0
Number of asset objects unloaded after import = 1
========================================================================
Received Import Request.
  Time since last request: 0.000023 seconds.
  path: Assets/Silantro Simulator/Fixed Wing/Models/Aircrafts/Wings/Materials/Material #47.mat
  artifactKey: Guid(e4e6d08171dcf4e42be0b6290d73574a) Importer(2089858483,0ecaa5967403d082aa24f35e1b516d23)
Start importing Assets/Silantro Simulator/Fixed Wing/Models/Aircrafts/Wings/Materials/Material #47.mat using Guid(e4e6d08171dcf4e42be0b6290d73574a) Importer(2089858483,0ecaa5967403d082aa24f35e1b516d23) Generated GUIDs only implemented for interfaces!
 -> (artifact id: '2a27a9a8867c85cffc0fbe224ca73a38') in 0.028356 seconds
Number of updated asset objects reloaded before import = 0
Number of asset objects unloaded after import = 1
========================================================================
Received Import Request.
  Time since last request: 0.000044 seconds.
  path: Assets/Silantro Simulator/Fixed Wing/Textures/MFD/Processed/Pitch Blank.png
  artifactKey: Guid(8da3cb3704c518d41a70ec7c5912c9bb) Importer(2089858483,0ecaa5967403d082aa24f35e1b516d23)
Start importing Assets/Silantro Simulator/Fixed Wing/Textures/MFD/Processed/Pitch Blank.png using Guid(8da3cb3704c518d41a70ec7c5912c9bb) Importer(2089858483,0ecaa5967403d082aa24f35e1b516d23) Generated GUIDs only implemented for interfaces!
 -> (artifact id: 'dd78f291f2adb2d06d1c96053d97afac') in 0.073661 seconds
Number of updated asset objects reloaded before import = 0
Number of asset objects unloaded after import = 3
========================================================================
Received Import Request.
  Time since last request: 0.000027 seconds.
  path: Assets/Silantro Simulator/Fixed Wing/Airfoils/NACA/Wings/NACA 64A-204 Special.asset
  artifactKey: Guid(a9829c91ae766f240888ee4f11b90b6b) Importer(2089858483,0ecaa5967403d082aa24f35e1b516d23)
Start importing Assets/Silantro Simulator/Fixed Wing/Airfoils/NACA/Wings/NACA 64A-204 Special.asset using Guid(a9829c91ae766f240888ee4f11b90b6b) Importer(2089858483,0ecaa5967403d082aa24f35e1b516d23) Generated GUIDs only implemented for interfaces!
 -> (artifact id: 'c5c8802ecbb4ed8dda5aad1d4d20f088') in 0.028401 seconds
Number of updated asset objects reloaded before import = 0
Number of asset objects unloaded after import = 1
========================================================================
Received Import Request.
  Time since last request: 0.000033 seconds.
  path: Assets/Silantro Simulator/Fixed Wing/Prefabs/Base/Dials/Airspeed.prefab
  artifactKey: Guid(b2647a8d8bff6d34584b4faaa014d1ce) Importer(2089858483,0ecaa5967403d082aa24f35e1b516d23)
Start importing Assets/Silantro Simulator/Fixed Wing/Prefabs/Base/Dials/Airspeed.prefab using Guid(b2647a8d8bff6d34584b4faaa014d1ce) Importer(2089858483,0ecaa5967403d082aa24f35e1b516d23) Generated GUIDs only implemented for interfaces!
 -> (artifact id: '9a7614dba724afbe7600b136dd2fc7bd') in 0.031074 seconds
Number of updated asset objects reloaded before import = 0
Number of asset objects unloaded after import = 238
========================================================================
Received Import Request.
  Time since last request: 0.000019 seconds.
  path: Assets/Silantro Simulator/Fixed Wing/Models/Aircrafts/Thunderbolt/Materials/Thunderbolt Glass.mat
  artifactKey: Guid(40919dc4278058a478d31baa2a4381dd) Importer(2089858483,0ecaa5967403d082aa24f35e1b516d23)
Start importing Assets/Silantro Simulator/Fixed Wing/Models/Aircrafts/Thunderbolt/Materials/Thunderbolt Glass.mat using Guid(40919dc4278058a478d31baa2a4381dd) Importer(2089858483,0ecaa5967403d082aa24f35e1b516d23) Generated GUIDs only implemented for interfaces!
 -> (artifact id: 'deca854e5d842b2918b06872d6a5cb65') in 0.009563 seconds
Number of updated asset objects reloaded before import = 0
Number of asset objects unloaded after import = 1
========================================================================
Received Import Request.
  Time since last request: 0.000015 seconds.
  path: Assets/Silantro Simulator/Fixed Wing/Prefabs/Samples/Ammunition/Complete/30x200mm NATO.prefab
  artifactKey: Guid(10f2f91be829e06458451c172784286d) Importer(2089858483,0ecaa5967403d082aa24f35e1b516d23)
Start importing Assets/Silantro Simulator/Fixed Wing/Prefabs/Samples/Ammunition/Complete/30x200mm NATO.prefab using Guid(10f2f91be829e06458451c172784286d) Importer(2089858483,0ecaa5967403d082aa24f35e1b516d23) Generated GUIDs only implemented for interfaces!
 -> (artifact id: '917c8af324e6551a613e9f28393515a3') in 0.021538 seconds
Number of updated asset objects reloaded before import = 0
Number of asset objects unloaded after import = 19
========================================================================
Received Import Request.
  Time since last request: 0.000024 seconds.
  path: Assets/Silantro Simulator/Fixed Wing/Sounds/Default/Engines/Default Start.wav
  artifactKey: Guid(0169c4c93d363f445b682a9fabd44235) Importer(2089858483,0ecaa5967403d082aa24f35e1b516d23)
Start importing Assets/Silantro Simulator/Fixed Wing/Sounds/Default/Engines/Default Start.wav using Guid(0169c4c93d363f445b682a9fabd44235) Importer(2089858483,0ecaa5967403d082aa24f35e1b516d23) Generated GUIDs only implemented for interfaces!
 -> (artifact id: 'f30b257d18b367206fb5eb98648f4428') in 0.050218 seconds
Number of updated asset objects reloaded before import = 0
Number of asset objects unloaded after import = 1
========================================================================
Received Import Request.
  Time since last request: 0.000022 seconds.
  path: Assets/Silantro Simulator/Fixed Wing/Scripts/Editor/ComponentEditor.cs
  artifactKey: Guid(a51dbbc5b44bda64eb478fad65a8dc33) Importer(2089858483,0ecaa5967403d082aa24f35e1b516d23)
Start importing Assets/Silantro Simulator/Fixed Wing/Scripts/Editor/ComponentEditor.cs using Guid(a51dbbc5b44bda64eb478fad65a8dc33) Importer(2089858483,0ecaa5967403d082aa24f35e1b516d23) Generated GUIDs only implemented for interfaces!
 -> (artifact id: '0e9da804c5f8b5f3019f5603560a1468') in 0.007465 seconds
Number of updated asset objects reloaded before import = 0
Number of asset objects unloaded after import = 1
========================================================================
Received Import Request.
  Time since last request: 0.000018 seconds.
  path: Assets/Silantro Simulator/Fixed Wing/Materials/GUI/MFD/Screen A.mat
  artifactKey: Guid(b5a2c94577b593c408e3c0e100b6cbe5) Importer(2089858483,0ecaa5967403d082aa24f35e1b516d23)
Start importing Assets/Silantro Simulator/Fixed Wing/Materials/GUI/MFD/Screen A.mat using Guid(b5a2c94577b593c408e3c0e100b6cbe5) Importer(2089858483,0ecaa5967403d082aa24f35e1b516d23) Generated GUIDs only implemented for interfaces!
 -> (artifact id: '05014dc3cb9fe512e9dbe8e7d11db43c') in 0.009762 seconds
Number of updated asset objects reloaded before import = 0
Number of asset objects unloaded after import = 2
========================================================================
Received Import Request.
  Time since last request: 0.000031 seconds.
  path: Assets/Silantro Simulator/Silantro/Support/Standard Assets/CrossPlatformInput/Sprites/ButtonAcceleratorOverSprite.png
  artifactKey: Guid(eb5f6e2757c821940b69cf1456f7865a) Importer(2089858483,0ecaa5967403d082aa24f35e1b516d23)
Start importing Assets/Silantro Simulator/Silantro/Support/Standard Assets/CrossPlatformInput/Sprites/ButtonAcceleratorOverSprite.png using Guid(eb5f6e2757c821940b69cf1456f7865a) Importer(2089858483,0ecaa5967403d082aa24f35e1b516d23) Generated GUIDs only implemented for interfaces!
 -> (artifact id: '688070756afd3a4c2c44fde674192572') in 0.035422 seconds
Number of updated asset objects reloaded before import = 0
Number of asset objects unloaded after import = 3
========================================================================
Received Import Request.
  Time since last request: 0.000703 seconds.
  path: Assets/Silantro Simulator/Silantro/Support/Standard Assets/CrossPlatformInput/Sprites/ButtonCameraCycleUpSprite.png
  artifactKey: Guid(a3983c59ebf804b4abba687bd7c9e92f) Importer(2089858483,0ecaa5967403d082aa24f35e1b516d23)
Start importing Assets/Silantro Simulator/Silantro/Support/Standard Assets/CrossPlatformInput/Sprites/ButtonCameraCycleUpSprite.png using Guid(a3983c59ebf804b4abba687bd7c9e92f) Importer(2089858483,0ecaa5967403d082aa24f35e1b516d23) Generated GUIDs only implemented for interfaces!
 -> (artifact id: '3067b2f45a3e5b0bba730c88f3146f94') in 0.056596 seconds
Number of updated asset objects reloaded before import = 0
Number of asset objects unloaded after import = 3
========================================================================
Received Import Request.
  Time since last request: 0.000027 seconds.
  path: Assets/Silantro Simulator/Fixed Wing/Airfoils/NACA/Modified/NACA 05113 Mod-5.asset
  artifactKey: Guid(8b1d949cee18a0646adf0f8c0dec0837) Importer(2089858483,0ecaa5967403d082aa24f35e1b516d23)
Start importing Assets/Silantro Simulator/Fixed Wing/Airfoils/NACA/Modified/NACA 05113 Mod-5.asset using Guid(8b1d949cee18a0646adf0f8c0dec0837) Importer(2089858483,0ecaa5967403d082aa24f35e1b516d23) Generated GUIDs only implemented for interfaces!
 -> (artifact id: '96f1cd6812af16d392da3332acf17ddf') in 0.025487 seconds
Number of updated asset objects reloaded before import = 0
Number of asset objects unloaded after import = 1
========================================================================
Received Import Request.
  Time since last request: 0.000035 seconds.
  path: Assets/Silantro Simulator/Fixed Wing/Models/Aircrafts/Super Tucano/Materials/Tucano Exterior.mat
  artifactKey: Guid(bdbfdbbf030d82b47a597c1bb3f96746) Importer(2089858483,0ecaa5967403d082aa24f35e1b516d23)
Start importing Assets/Silantro Simulator/Fixed Wing/Models/Aircrafts/Super Tucano/Materials/Tucano Exterior.mat using Guid(bdbfdbbf030d82b47a597c1bb3f96746) Importer(2089858483,0ecaa5967403d082aa24f35e1b516d23) Generated GUIDs only implemented for interfaces!
 -> (artifact id: 'ef4122fd422e82242e22a2f1dc257034') in 0.021162 seconds
Number of updated asset objects reloaded before import = 0
Number of asset objects unloaded after import = 3
========================================================================
Received Import Request.
  Time since last request: 0.000032 seconds.
  path: Assets/Silantro Simulator/Fixed Wing/Textures/Radar/Target InView.png
  artifactKey: Guid(46ea6a7fef41ab747b47281002975b67) Importer(2089858483,0ecaa5967403d082aa24f35e1b516d23)
Start importing Assets/Silantro Simulator/Fixed Wing/Textures/Radar/Target InView.png using Guid(46ea6a7fef41ab747b47281002975b67) Importer(2089858483,0ecaa5967403d082aa24f35e1b516d23) Generated GUIDs only implemented for interfaces!
 -> (artifact id: '90f1bdda9fb57257ce9bee234000231e') in 0.042510 seconds
Number of updated asset objects reloaded before import = 0
Number of asset objects unloaded after import = 1
========================================================================
Received Import Request.
  Time since last request: 0.000159 seconds.
  path: Assets/Silantro Simulator/Fixed Wing/Models/Aircrafts/Super Tucano/Materials/Tucano Cockpit.mat
  artifactKey: Guid(db8e313b632a4944a868360e287a7b36) Importer(2089858483,0ecaa5967403d082aa24f35e1b516d23)
Start importing Assets/Silantro Simulator/Fixed Wing/Models/Aircrafts/Super Tucano/Materials/Tucano Cockpit.mat using Guid(db8e313b632a4944a868360e287a7b36) Importer(2089858483,0ecaa5967403d082aa24f35e1b516d23) Generated GUIDs only implemented for interfaces!
 -> (artifact id: 'd3c8b11e647258702716f6fa2f330477') in 0.018643 seconds
Number of updated asset objects reloaded before import = 0
Number of asset objects unloaded after import = 3
========================================================================
Received Import Request.
  Time since last request: 0.000022 seconds.
  path: Assets/Silantro Simulator/Fixed Wing/Prefabs/Base/Lights/Body Beacon.prefab
  artifactKey: Guid(ad16dce81cb62ae49838044f6c4dbc09) Importer(2089858483,0ecaa5967403d082aa24f35e1b516d23)
Start importing Assets/Silantro Simulator/Fixed Wing/Prefabs/Base/Lights/Body Beacon.prefab using Guid(ad16dce81cb62ae49838044f6c4dbc09) Importer(2089858483,0ecaa5967403d082aa24f35e1b516d23) Generated GUIDs only implemented for interfaces!
 -> (artifact id: 'cf857de2004eb1ceb9d9a35c083b1624') in 0.020608 seconds
Number of updated asset objects reloaded before import = 0
Number of asset objects unloaded after import = 17
========================================================================
Received Import Request.
  Time since last request: 0.000018 seconds.
  path: Assets/Silantro Simulator/Fixed Wing/Models/Aircrafts/Super Tucano/Textures/Cockpit Normal.png
  artifactKey: Guid(583ce75b0ab7dd149b563c796a7b0be8) Importer(2089858483,0ecaa5967403d082aa24f35e1b516d23)
Start importing Assets/Silantro Simulator/Fixed Wing/Models/Aircrafts/Super Tucano/Textures/Cockpit Normal.png using Guid(583ce75b0ab7dd149b563c796a7b0be8) Importer(2089858483,0ecaa5967403d082aa24f35e1b516d23) Generated GUIDs only implemented for interfaces!
 -> (artifact id: '12f55de85d4f3f3bebb941e7b6048818') in 0.037695 seconds
Number of updated asset objects reloaded before import = 0
Number of asset objects unloaded after import = 1
========================================================================
Received Import Request.
  Time since last request: 0.000022 seconds.
  path: Assets/Silantro Simulator/Fixed Wing/Scripts/Avionics/Instruments/SilantroInstrument.cs
  artifactKey: Guid(5577af65465f5384d9fb1f5e24bd944f) Importer(2089858483,0ecaa5967403d082aa24f35e1b516d23)
Start importing Assets/Silantro Simulator/Fixed Wing/Scripts/Avionics/Instruments/SilantroInstrument.cs using Guid(5577af65465f5384d9fb1f5e24bd944f) Importer(2089858483,0ecaa5967403d082aa24f35e1b516d23) Generated GUIDs only implemented for interfaces!
 -> (artifact id: 'cd25c8ac3b8412944422a8bb0cf3b3c5') in 0.007217 seconds
Number of updated asset objects reloaded before import = 0
Number of asset objects unloaded after import = 1
========================================================================
Received Import Request.
  Time since last request: 0.000181 seconds.
  path: Assets/Silantro Simulator/Fixed Wing/Prefabs/Base/Effects/Explosion/Vehicle Explosion.prefab
  artifactKey: Guid(49cbeabf566f0a94fb7b440bfa12d2d4) Importer(2089858483,0ecaa5967403d082aa24f35e1b516d23)
Start importing Assets/Silantro Simulator/Fixed Wing/Prefabs/Base/Effects/Explosion/Vehicle Explosion.prefab using Guid(49cbeabf566f0a94fb7b440bfa12d2d4) Importer(2089858483,0ecaa5967403d082aa24f35e1b516d23) Generated GUIDs only implemented for interfaces!
 -> (artifact id: '7efe967d43843e09394a64b75597a80d') in 0.013716 seconds
Number of updated asset objects reloaded before import = 0
Number of asset objects unloaded after import = 34
========================================================================
Received Import Request.
  Time since last request: 0.000022 seconds.
  path: Assets/Silantro Simulator/Fixed Wing/Textures/Light Flares/Materials/Flare50mm.mat
  artifactKey: Guid(a6dbb96b9d112024d000e929e39e7c39) Importer(2089858483,0ecaa5967403d082aa24f35e1b516d23)
Start importing Assets/Silantro Simulator/Fixed Wing/Textures/Light Flares/Materials/Flare50mm.mat using Guid(a6dbb96b9d112024d000e929e39e7c39) Importer(2089858483,0ecaa5967403d082aa24f35e1b516d23) Generated GUIDs only implemented for interfaces!
 -> (artifact id: '3d7622ecd99ca6efd0cee950446895af') in 0.014711 seconds
Number of updated asset objects reloaded before import = 0
Number of asset objects unloaded after import = 2
========================================================================
Received Import Request.
  Time since last request: 0.000017 seconds.
  path: Assets/Silantro Simulator/Fixed Wing/Textures/MFD/Processed/Altimeter.png
  artifactKey: Guid(732c602976f39644aa71cd3b5580c59a) Importer(2089858483,0ecaa5967403d082aa24f35e1b516d23)
Start importing Assets/Silantro Simulator/Fixed Wing/Textures/MFD/Processed/Altimeter.png using Guid(732c602976f39644aa71cd3b5580c59a) Importer(2089858483,0ecaa5967403d082aa24f35e1b516d23) Generated GUIDs only implemented for interfaces!
 -> (artifact id: '5953d87b173d6d8d5be15db9b868cb89') in 0.033523 seconds
Number of updated asset objects reloaded before import = 0
Number of asset objects unloaded after import = 3
========================================================================
Received Import Request.
  Time since last request: 0.000046 seconds.
  path: Assets/Silantro Simulator/Fixed Wing/Scripts/Propulsion/Engines/Special/SilantroRocketMotor.cs
  artifactKey: Guid(a40318e3751cb2543a393693cd395061) Importer(2089858483,0ecaa5967403d082aa24f35e1b516d23)
Start importing Assets/Silantro Simulator/Fixed Wing/Scripts/Propulsion/Engines/Special/SilantroRocketMotor.cs using Guid(a40318e3751cb2543a393693cd395061) Importer(2089858483,0ecaa5967403d082aa24f35e1b516d23) Generated GUIDs only implemented for interfaces!
 -> (artifact id: '657b9555a40f69fcae52ac5c976e6e78') in 0.006693 seconds
Number of updated asset objects reloaded before import = 0
Number of asset objects unloaded after import = 1
========================================================================
Received Import Request.
  Time since last request: 0.000089 seconds.
  path: Assets/Silantro Simulator/Fixed Wing/Materials/GUI/MFD/Screen C.renderTexture
  artifactKey: Guid(41bcd0331da092642950402ff9c48f4f) Importer(2089858483,0ecaa5967403d082aa24f35e1b516d23)
Start importing Assets/Silantro Simulator/Fixed Wing/Materials/GUI/MFD/Screen C.renderTexture using Guid(41bcd0331da092642950402ff9c48f4f) Importer(2089858483,0ecaa5967403d082aa24f35e1b516d23) Generated GUIDs only implemented for interfaces!
 -> (artifact id: '1269aa939e2bfdaccc3358f64eb6b216') in 0.012661 seconds
Number of updated asset objects reloaded before import = 0
Number of asset objects unloaded after import = 1
========================================================================
Received Import Request.
  Time since last request: 0.000036 seconds.
  path: Assets/Silantro Simulator/Fixed Wing/Materials/GUI/MFD/Screen B.mat
  artifactKey: Guid(e06e516c50b459d4aafee4fe1a7f5126) Importer(2089858483,0ecaa5967403d082aa24f35e1b516d23)
Start importing Assets/Silantro Simulator/Fixed Wing/Materials/GUI/MFD/Screen B.mat using Guid(e06e516c50b459d4aafee4fe1a7f5126) Importer(2089858483,0ecaa5967403d082aa24f35e1b516d23) Generated GUIDs only implemented for interfaces!
 -> (artifact id: 'a3017012a9c65de8259105c73d617997') in 0.013459 seconds
Number of updated asset objects reloaded before import = 0
Number of asset objects unloaded after import = 2
========================================================================
Received Import Request.
  Time since last request: 0.000027 seconds.
  path: Assets/Silantro Simulator/Fixed Wing/Textures/MFD/Processed/AdiAircarftSymbole.png
  artifactKey: Guid(dc29f1ad64c448648ae3c511bfc31768) Importer(2089858483,0ecaa5967403d082aa24f35e1b516d23)
Start importing Assets/Silantro Simulator/Fixed Wing/Textures/MFD/Processed/AdiAircarftSymbole.png using Guid(dc29f1ad64c448648ae3c511bfc31768) Importer(2089858483,0ecaa5967403d082aa24f35e1b516d23) Generated GUIDs only implemented for interfaces!
 -> (artifact id: 'ce444e8dacff738796ce6cd9cd379512') in 0.030962 seconds
Number of updated asset objects reloaded before import = 0
Number of asset objects unloaded after import = 3
========================================================================
Received Import Request.
  Time since last request: 0.000017 seconds.
  path: Assets/Silantro Simulator/Silantro/Support/Standard Assets/Utility/SmoothFollow.cs
  artifactKey: Guid(f76806479d916a64aa03f8e3eba7912f) Importer(2089858483,0ecaa5967403d082aa24f35e1b516d23)
Start importing Assets/Silantro Simulator/Silantro/Support/Standard Assets/Utility/SmoothFollow.cs using Guid(f76806479d916a64aa03f8e3eba7912f) Importer(2089858483,0ecaa5967403d082aa24f35e1b516d23) Generated GUIDs only implemented for interfaces!
 -> (artifact id: '0f2d0aaffb51f11cd0b96004d86150b9') in 0.008529 seconds
Number of updated asset objects reloaded before import = 0
Number of asset objects unloaded after import = 1
========================================================================
Received Import Request.
  Time since last request: 0.000067 seconds.
  path: Assets/Silantro Simulator/Fixed Wing/Scripts/Propulsion/Fuel/SilantroFuelSystem.cs
  artifactKey: Guid(12df6d18aeafe9a44815e76a9e57a40f) Importer(2089858483,0ecaa5967403d082aa24f35e1b516d23)
Start importing Assets/Silantro Simulator/Fixed Wing/Scripts/Propulsion/Fuel/SilantroFuelSystem.cs using Guid(12df6d18aeafe9a44815e76a9e57a40f) Importer(2089858483,0ecaa5967403d082aa24f35e1b516d23) Generated GUIDs only implemented for interfaces!
 -> (artifact id: '46f5a5b0101ed17fff6e775b9f498209') in 0.005615 seconds
Number of updated asset objects reloaded before import = 0
Number of asset objects unloaded after import = 1
========================================================================
Received Import Request.
  Time since last request: 0.000079 seconds.
  path: Assets/Silantro Simulator/Fixed Wing/Sounds/Default/Spoilers/AirBrake Loop.wav
  artifactKey: Guid(acf981351b051cd4d9e0bb69f1b345af) Importer(2089858483,0ecaa5967403d082aa24f35e1b516d23)
Start importing Assets/Silantro Simulator/Fixed Wing/Sounds/Default/Spoilers/AirBrake Loop.wav using Guid(acf981351b051cd4d9e0bb69f1b345af) Importer(2089858483,0ecaa5967403d082aa24f35e1b516d23) Generated GUIDs only implemented for interfaces!
 -> (artifact id: 'bc80f9eabac2df410ba62f7c2a0a0d11') in 0.066719 seconds
Number of updated asset objects reloaded before import = 0
Number of asset objects unloaded after import = 1
========================================================================
Received Import Request.
  Time since last request: 0.000067 seconds.
  path: Assets/Silantro Simulator/Fixed Wing/Prefabs/Samples/Aircrafts/Performance Jet.prefab
  artifactKey: Guid(bb5f61988f1928e41ace9822d271c257) Importer(2089858483,0ecaa5967403d082aa24f35e1b516d23)
Start importing Assets/Silantro Simulator/Fixed Wing/Prefabs/Samples/Aircrafts/Performance Jet.prefab using Guid(bb5f61988f1928e41ace9822d271c257) Importer(2089858483,0ecaa5967403d082aa24f35e1b516d23) Generated GUIDs only implemented for interfaces!
 -> (artifact id: '70e51dacaa3e3839267294b0b4bc7e31') in 0.136542 seconds
Number of updated asset objects reloaded before import = 0
Number of asset objects unloaded after import = 428
========================================================================
Received Import Request.
  Time since last request: 780.447918 seconds.
  path: Assets/Silantro Simulator/Fixed Wing/Scenes/Base Samples/A-10 DemonstratorSettings.lighting
  artifactKey: Guid(42c8c55cbf31c914d9c4fa24181ea9d3) Importer(2089858483,0ecaa5967403d082aa24f35e1b516d23)
Start importing Assets/Silantro Simulator/Fixed Wing/Scenes/Base Samples/A-10 DemonstratorSettings.lighting using Guid(42c8c55cbf31c914d9c4fa24181ea9d3) Importer(2089858483,0ecaa5967403d082aa24f35e1b516d23) LightingSettings: switching bake backend from 1 to 0.
Generated GUIDs only implemented for interfaces!
 -> (artifact id: '957866f8d45e00c782836d8d31cd199c') in 0.029848 seconds
Number of updated asset objects reloaded before import = 0
Number of asset objects unloaded after import = 1
========================================================================
Received Prepare
Begin MonoManager ReloadAssembly
Symbol file LoadedFromMemory doesn't match image C:\Atharva\Unity 3D\flight-sim-unity-2022\Flight Sim\Library\PackageCache\com.unity.visualscripting@1.8.0\Editor\VisualScripting.Core\Dependencies\YamlDotNet\Unity.VisualScripting.YamlDotNet.dll
Symbol file LoadedFromMemory doesn't match image C:\Atharva\Unity 3D\flight-sim-unity-2022\Flight Sim\Library\PackageCache\com.unity.visualscripting@1.8.0\Editor\VisualScripting.Core\Dependencies\DotNetZip\Unity.VisualScripting.IonicZip.dll
- Loaded All Assemblies, in  0.658 seconds
Refreshing native plugins compatible for Editor in 4.25 ms, found 3 plugins.
Native extension for WindowsStandalone target not found
Mono: successfully reloaded assembly
- Finished resetting the current domain, in  2.613 seconds
Domain Reload Profiling: 3268ms
	BeginReloadAssembly (187ms)
		ExecutionOrderSort (0ms)
		DisableScriptedObjects (6ms)
		BackupInstance (0ms)
		ReleaseScriptingObjects (0ms)
		CreateAndSetChildDomain (40ms)
	RebuildCommonClasses (37ms)
	RebuildNativeTypeToScriptingClass (9ms)
	initialDomainReloadingComplete (31ms)
	LoadAllAssembliesAndSetupDomain (390ms)
		LoadAssemblies (487ms)
		RebuildTransferFunctionScriptingTraits (0ms)
		AnalyzeDomain (13ms)
			TypeCache.Refresh (6ms)
				TypeCache.ScanAssembly (0ms)
			ScanForSourceGeneratedMonoScriptInfo (0ms)
			ResolveRequiredComponents (5ms)
	FinalizeReload (2614ms)
		ReleaseScriptCaches (0ms)
		RebuildScriptCaches (0ms)
		SetupLoadedEditorAssemblies (496ms)
			LogAssemblyErrors (0ms)
			InitializePlatformSupportModulesInManaged (10ms)
			SetLoadedEditorAssemblies (9ms)
			RefreshPlugins (0ms)
			BeforeProcessingInitializeOnLoad (103ms)
			ProcessInitializeOnLoadAttributes (333ms)
			ProcessInitializeOnLoadMethodAttributes (26ms)
			AfterProcessingInitializeOnLoad (15ms)
			EditorAssembliesLoaded (0ms)
		ExecutionOrderSort2 (0ms)
		AwakeInstancesAfterBackupRestoration (18ms)
Shader 'Custom/AdditiveTintable': fallback shader 'Particles/Additive (Soft)' not found
Refreshing native plugins compatible for Editor in 5.85 ms, found 3 plugins.
Preloading 0 native plugins for Editor in 0.00 ms.
Unloading 3195 Unused Serialized files (Serialized files now loaded: 0)
Unloading 23 unused Assets / (55.1 KB). Loaded Objects now: 3675.
Memory consumption went from 116.5 MB to 116.4 MB.
Total: 6.452200 ms (FindLiveObjects: 0.588200 ms CreateObjectMapping: 0.233500 ms MarkObjects: 5.452200 ms  DeleteObjects: 0.176900 ms)

Prepare: number of updated asset objects reloaded= 0
AssetImportParameters requested are different than current active one (requested -> active):
  custom:container-demuxer-ogg: 62fdf1f143b41e24485cea50d1cbac27 -> 
  custom:video-codec-MediaFoundation-h265: 746d11721c4dcdbdad8f713fa42b33f4 -> 
  custom:video-decoder-ogg-theora: a1e56fd34408186e4bbccfd4996cb3dc -> 
  custom:framework-win-MediaFoundation: 216162199b28c13a410421893ffa2e32 -> 
  custom:CustomObjectIndexerAttribute: 756ad292c208cfabdd7b50bc23989ffe -> 
  custom:container-demuxer-webm: 4f35f7cbe854078d1ac9338744f61a02 -> 
  custom:container-muxer-webm: aa71ff27fc2769a1b78a27578f13a17b -> 
  custom:video-decoder-webm-vp8: 9c59270c3fd7afecdb556c50c9e8de78 -> 
  custom:SearchIndexIgnoredProperties: e643bd26f0fe6173181afceb89e7c659 -> 
  custom:AudioImporter_EditorPlatform: d09bf68614088b80899f8185d706f6e7 -> 
  custom:video-encoder-webm-vp8: eb34c28f22e8b96e1ab97ce403110664 -> 
  custom:audio-decoder-ogg-vorbis: bf7c407c2cedff20999df2af8eb42d56 -> 
  custom:audio-encoder-webm-vorbis: bf7c407c2cedff20999df2af8eb42d56 -> 
========================================================================
Received Prepare
Begin MonoManager ReloadAssembly
Symbol file LoadedFromMemory doesn't match image C:\Atharva\Unity 3D\flight-sim-unity-2022\Flight Sim\Library\PackageCache\com.unity.visualscripting@1.8.0\Editor\VisualScripting.Core\Dependencies\YamlDotNet\Unity.VisualScripting.YamlDotNet.dll
Symbol file LoadedFromMemory doesn't match image C:\Atharva\Unity 3D\flight-sim-unity-2022\Flight Sim\Library\PackageCache\com.unity.visualscripting@1.8.0\Editor\VisualScripting.Core\Dependencies\DotNetZip\Unity.VisualScripting.IonicZip.dll
- Loaded All Assemblies, in  0.534 seconds
Refreshing native plugins compatible for Editor in 4.00 ms, found 3 plugins.
Native extension for WindowsStandalone target not found
Mono: successfully reloaded assembly
- Finished resetting the current domain, in  1.357 seconds
Domain Reload Profiling: 1886ms
	BeginReloadAssembly (184ms)
		ExecutionOrderSort (0ms)
		DisableScriptedObjects (7ms)
		BackupInstance (0ms)
		ReleaseScriptingObjects (0ms)
		CreateAndSetChildDomain (39ms)
	RebuildCommonClasses (36ms)
	RebuildNativeTypeToScriptingClass (10ms)
	initialDomainReloadingComplete (35ms)
	LoadAllAssembliesAndSetupDomain (264ms)
		LoadAssemblies (350ms)
		RebuildTransferFunctionScriptingTraits (0ms)
		AnalyzeDomain (16ms)
			TypeCache.Refresh (9ms)
				TypeCache.ScanAssembly (0ms)
			ScanForSourceGeneratedMonoScriptInfo (0ms)
			ResolveRequiredComponents (6ms)
	FinalizeReload (1358ms)
		ReleaseScriptCaches (0ms)
		RebuildScriptCaches (0ms)
		SetupLoadedEditorAssemblies (527ms)
			LogAssemblyErrors (0ms)
			InitializePlatformSupportModulesInManaged (10ms)
			SetLoadedEditorAssemblies (7ms)
			RefreshPlugins (0ms)
			BeforeProcessingInitializeOnLoad (110ms)
			ProcessInitializeOnLoadAttributes (357ms)
			ProcessInitializeOnLoadMethodAttributes (27ms)
			AfterProcessingInitializeOnLoad (16ms)
			EditorAssembliesLoaded (0ms)
		ExecutionOrderSort2 (0ms)
		AwakeInstancesAfterBackupRestoration (13ms)
Shader 'Custom/AdditiveTintable': fallback shader 'Particles/Additive (Soft)' not found
Refreshing native plugins compatible for Editor in 8.80 ms, found 3 plugins.
Preloading 0 native plugins for Editor in 0.00 ms.
Unloading 3196 Unused Serialized files (Serialized files now loaded: 0)
Unloading 22 unused Assets / (30.5 KB). Loaded Objects now: 3678.
Memory consumption went from 116.7 MB to 116.7 MB.
Total: 7.072500 ms (FindLiveObjects: 0.322400 ms CreateObjectMapping: 0.097200 ms MarkObjects: 6.582100 ms  DeleteObjects: 0.069600 ms)

Prepare: number of updated asset objects reloaded= 0
AssetImportParameters requested are different than current active one (requested -> active):
  custom:container-demuxer-ogg: 62fdf1f143b41e24485cea50d1cbac27 -> 
  custom:video-codec-MediaFoundation-h265: 746d11721c4dcdbdad8f713fa42b33f4 -> 
  custom:video-decoder-ogg-theora: a1e56fd34408186e4bbccfd4996cb3dc -> 
  custom:framework-win-MediaFoundation: 216162199b28c13a410421893ffa2e32 -> 
  custom:CustomObjectIndexerAttribute: 756ad292c208cfabdd7b50bc23989ffe -> 
  custom:container-demuxer-webm: 4f35f7cbe854078d1ac9338744f61a02 -> 
  custom:container-muxer-webm: aa71ff27fc2769a1b78a27578f13a17b -> 
  custom:video-decoder-webm-vp8: 9c59270c3fd7afecdb556c50c9e8de78 -> 
  custom:SearchIndexIgnoredProperties: e643bd26f0fe6173181afceb89e7c659 -> 
  custom:AudioImporter_EditorPlatform: d09bf68614088b80899f8185d706f6e7 -> 
  custom:video-encoder-webm-vp8: eb34c28f22e8b96e1ab97ce403110664 -> 
  custom:audio-decoder-ogg-vorbis: bf7c407c2cedff20999df2af8eb42d56 -> 
  custom:audio-encoder-webm-vorbis: bf7c407c2cedff20999df2af8eb42d56 -> 
========================================================================
Received Prepare
Begin MonoManager ReloadAssembly
Symbol file LoadedFromMemory doesn't match image C:\Atharva\Unity 3D\flight-sim-unity-2022\Flight Sim\Library\PackageCache\com.unity.visualscripting@1.8.0\Editor\VisualScripting.Core\Dependencies\YamlDotNet\Unity.VisualScripting.YamlDotNet.dll
Symbol file LoadedFromMemory doesn't match image C:\Atharva\Unity 3D\flight-sim-unity-2022\Flight Sim\Library\PackageCache\com.unity.visualscripting@1.8.0\Editor\VisualScripting.Core\Dependencies\DotNetZip\Unity.VisualScripting.IonicZip.dll
- Loaded All Assemblies, in  0.518 seconds
Refreshing native plugins compatible for Editor in 4.59 ms, found 3 plugins.
Native extension for WindowsStandalone target not found
Mono: successfully reloaded assembly
- Finished resetting the current domain, in  1.308 seconds
Domain Reload Profiling: 1823ms
	BeginReloadAssembly (163ms)
		ExecutionOrderSort (0ms)
		DisableScriptedObjects (7ms)
		BackupInstance (0ms)
		ReleaseScriptingObjects (0ms)
		CreateAndSetChildDomain (33ms)
	RebuildCommonClasses (32ms)
	RebuildNativeTypeToScriptingClass (12ms)
	initialDomainReloadingComplete (43ms)
	LoadAllAssembliesAndSetupDomain (264ms)
		LoadAssemblies (338ms)
		RebuildTransferFunctionScriptingTraits (0ms)
		AnalyzeDomain (17ms)
			TypeCache.Refresh (10ms)
				TypeCache.ScanAssembly (0ms)
			ScanForSourceGeneratedMonoScriptInfo (0ms)
			ResolveRequiredComponents (5ms)
	FinalizeReload (1309ms)
		ReleaseScriptCaches (0ms)
		RebuildScriptCaches (0ms)
		SetupLoadedEditorAssemblies (533ms)
			LogAssemblyErrors (0ms)
			InitializePlatformSupportModulesInManaged (11ms)
			SetLoadedEditorAssemblies (10ms)
			RefreshPlugins (0ms)
			BeforeProcessingInitializeOnLoad (110ms)
			ProcessInitializeOnLoadAttributes (359ms)
			ProcessInitializeOnLoadMethodAttributes (29ms)
			AfterProcessingInitializeOnLoad (15ms)
			EditorAssembliesLoaded (0ms)
		ExecutionOrderSort2 (0ms)
		AwakeInstancesAfterBackupRestoration (18ms)
Shader 'Custom/AdditiveTintable': fallback shader 'Particles/Additive (Soft)' not found
Refreshing native plugins compatible for Editor in 6.14 ms, found 3 plugins.
Preloading 0 native plugins for Editor in 0.00 ms.
Unloading 3196 Unused Serialized files (Serialized files now loaded: 0)
Unloading 22 unused Assets / (30.4 KB). Loaded Objects now: 3681.
Memory consumption went from 116.7 MB to 116.7 MB.
Total: 6.299800 ms (FindLiveObjects: 0.492700 ms CreateObjectMapping: 0.241600 ms MarkObjects: 5.480100 ms  DeleteObjects: 0.083900 ms)

Prepare: number of updated asset objects reloaded= 0
AssetImportParameters requested are different than current active one (requested -> active):
  custom:container-demuxer-ogg: 62fdf1f143b41e24485cea50d1cbac27 -> 
  custom:video-codec-MediaFoundation-h265: 746d11721c4dcdbdad8f713fa42b33f4 -> 
  custom:video-decoder-ogg-theora: a1e56fd34408186e4bbccfd4996cb3dc -> 
  custom:framework-win-MediaFoundation: 216162199b28c13a410421893ffa2e32 -> 
  custom:CustomObjectIndexerAttribute: 756ad292c208cfabdd7b50bc23989ffe -> 
  custom:container-demuxer-webm: 4f35f7cbe854078d1ac9338744f61a02 -> 
  custom:container-muxer-webm: aa71ff27fc2769a1b78a27578f13a17b -> 
  custom:video-decoder-webm-vp8: 9c59270c3fd7afecdb556c50c9e8de78 -> 
  custom:SearchIndexIgnoredProperties: e643bd26f0fe6173181afceb89e7c659 -> 
  custom:AudioImporter_EditorPlatform: d09bf68614088b80899f8185d706f6e7 -> 
  custom:video-encoder-webm-vp8: eb34c28f22e8b96e1ab97ce403110664 -> 
  custom:audio-decoder-ogg-vorbis: bf7c407c2cedff20999df2af8eb42d56 -> 
  custom:audio-encoder-webm-vorbis: bf7c407c2cedff20999df2af8eb42d56 -> 
