Using pre-set license
Built from '2022.3/staging' branch; Version is '2022.3.7f1 (b16b3b16c7a0) revision 11627323'; Using compiler version '192829333'; Build Type 'Release'
OS: 'Windows 11  (10.0.22621) 64bit Core' Language: 'en' Physical Memory: 16122 MB
BatchMode: 1, IsHumanControllingUs: 0, StartBugReporterOnCrash: 0, Is64bit: 1, IsPro: 1

COMMAND LINE ARGUMENTS:
C:\Program Files\Unity 2022.3.7f1\Editor\Unity.exe
-adb2
-batchMode
-noUpm
-name
AssetImportWorker4
-projectPath
C:/Atharva/Unity 3D/flight-sim-unity-2022/Flight Sim
-logFile
Logs/AssetImportWorker4.log
-srvPort
56754
Successfully changed project path to: C:/Atharva/Unity 3D/flight-sim-unity-2022/Flight Sim
C:/Atharva/Unity 3D/flight-sim-unity-2022/Flight Sim
[UnityMemory] Configuration Parameters - Can be set up in boot.config
    "memorysetup-bucket-allocator-granularity=16"
    "memorysetup-bucket-allocator-bucket-count=8"
    "memorysetup-bucket-allocator-block-size=33554432"
    "memorysetup-bucket-allocator-block-count=8"
    "memorysetup-main-allocator-block-size=16777216"
    "memorysetup-thread-allocator-block-size=16777216"
    "memorysetup-gfx-main-allocator-block-size=16777216"
    "memorysetup-gfx-thread-allocator-block-size=16777216"
    "memorysetup-cache-allocator-block-size=4194304"
    "memorysetup-typetree-allocator-block-size=2097152"
    "memorysetup-profiler-bucket-allocator-granularity=16"
    "memorysetup-profiler-bucket-allocator-bucket-count=8"
    "memorysetup-profiler-bucket-allocator-block-size=33554432"
    "memorysetup-profiler-bucket-allocator-block-count=8"
    "memorysetup-profiler-allocator-block-size=16777216"
    "memorysetup-profiler-editor-allocator-block-size=1048576"
    "memorysetup-temp-allocator-size-main=16777216"
    "memorysetup-job-temp-allocator-block-size=2097152"
    "memorysetup-job-temp-allocator-block-size-background=1048576"
    "memorysetup-job-temp-allocator-reduction-small-platforms=262144"
    "memorysetup-allocator-temp-initial-block-size-main=262144"
    "memorysetup-allocator-temp-initial-block-size-worker=262144"
    "memorysetup-temp-allocator-size-background-worker=32768"
    "memorysetup-temp-allocator-size-job-worker=262144"
    "memorysetup-temp-allocator-size-preload-manager=33554432"
    "memorysetup-temp-allocator-size-nav-mesh-worker=65536"
    "memorysetup-temp-allocator-size-audio-worker=65536"
    "memorysetup-temp-allocator-size-cloud-worker=32768"
    "memorysetup-temp-allocator-size-gi-baking-worker=262144"
    "memorysetup-temp-allocator-size-gfx=262144"
Player connection [22140] Host "[IP] 169.254.105.241 [Port] 0 [Flags] 2 [Guid] 3713618427 [EditorId] 3713618427 [Version] 1048832 [Id] WindowsEditor(7,DESKTOP-PHM46NR) [Debug] 1 [PackageName] WindowsEditor [ProjectName] Editor" joined multi-casting on [225.0.0.222:54997]...

Player connection [22140] Host "[IP] 169.254.105.241 [Port] 0 [Flags] 2 [Guid] 3713618427 [EditorId] 3713618427 [Version] 1048832 [Id] WindowsEditor(7,DESKTOP-PHM46NR) [Debug] 1 [PackageName] WindowsEditor [ProjectName] Editor" joined alternative multi-casting on [225.0.0.222:34997]...

Refreshing native plugins compatible for Editor in 19.67 ms, found 3 plugins.
Preloading 0 native plugins for Editor in 0.00 ms.
Initialize engine version: 2022.3.7f1 (b16b3b16c7a0)
[Subsystems] Discovering subsystems at path C:/Program Files/Unity 2022.3.7f1/Editor/Data/Resources/UnitySubsystems
[Subsystems] Discovering subsystems at path C:/Atharva/Unity 3D/flight-sim-unity-2022/Flight Sim/Assets
GfxDevice: creating device client; threaded=0; jobified=0
Direct3D:
    Version:  Direct3D 11.0 [level 11.1]
    Renderer: NVIDIA GeForce RTX 3050 Laptop GPU (ID=0x25a2)
    Vendor:   NVIDIA
    VRAM:     3979 MB
    Driver:   31.0.15.2879
Shader 'Custom/AdditiveTintable': fallback shader 'Particles/Additive (Soft)' not found
Initialize mono
Mono path[0] = 'C:/Program Files/Unity 2022.3.7f1/Editor/Data/Managed'
Mono path[1] = 'C:/Program Files/Unity 2022.3.7f1/Editor/Data/MonoBleedingEdge/lib/mono/unityjit-win32'
Mono config path = 'C:/Program Files/Unity 2022.3.7f1/Editor/Data/MonoBleedingEdge/etc'
Using monoOptions --debugger-agent=transport=dt_socket,embedding=1,server=y,suspend=n,address=127.0.0.1:56276
Begin MonoManager ReloadAssembly
Registering precompiled unity dll's ...
Register platform support module: C:/Program Files/Unity 2022.3.7f1/Editor/Data/PlaybackEngines/WindowsStandaloneSupport/UnityEditor.WindowsStandalone.Extensions.dll
Registered in 0.012921 seconds.
- Loaded All Assemblies, in  0.605 seconds
Native extension for WindowsStandalone target not found
Mono: successfully reloaded assembly
- Finished resetting the current domain, in  0.423 seconds
Domain Reload Profiling: 1024ms
	BeginReloadAssembly (228ms)
		ExecutionOrderSort (0ms)
		DisableScriptedObjects (0ms)
		BackupInstance (0ms)
		ReleaseScriptingObjects (0ms)
		CreateAndSetChildDomain (1ms)
	RebuildCommonClasses (59ms)
	RebuildNativeTypeToScriptingClass (12ms)
	initialDomainReloadingComplete (95ms)
	LoadAllAssembliesAndSetupDomain (206ms)
		LoadAssemblies (223ms)
		RebuildTransferFunctionScriptingTraits (0ms)
		AnalyzeDomain (203ms)
			TypeCache.Refresh (201ms)
				TypeCache.ScanAssembly (179ms)
			ScanForSourceGeneratedMonoScriptInfo (1ms)
			ResolveRequiredComponents (1ms)
	FinalizeReload (424ms)
		ReleaseScriptCaches (0ms)
		RebuildScriptCaches (0ms)
		SetupLoadedEditorAssemblies (352ms)
			LogAssemblyErrors (0ms)
			InitializePlatformSupportModulesInManaged (14ms)
			SetLoadedEditorAssemblies (10ms)
			RefreshPlugins (0ms)
			BeforeProcessingInitializeOnLoad (2ms)
			ProcessInitializeOnLoadAttributes (261ms)
			ProcessInitializeOnLoadMethodAttributes (64ms)
			AfterProcessingInitializeOnLoad (0ms)
			EditorAssembliesLoaded (0ms)
		ExecutionOrderSort2 (0ms)
		AwakeInstancesAfterBackupRestoration (0ms)
========================================================================
Worker process is ready to serve import requests
Begin MonoManager ReloadAssembly
Symbol file LoadedFromMemory doesn't match image C:\Atharva\Unity 3D\flight-sim-unity-2022\Flight Sim\Library\PackageCache\com.unity.visualscripting@1.8.0\Editor\VisualScripting.Core\Dependencies\YamlDotNet\Unity.VisualScripting.YamlDotNet.dll
Symbol file LoadedFromMemory doesn't match image C:\Atharva\Unity 3D\flight-sim-unity-2022\Flight Sim\Library\PackageCache\com.unity.visualscripting@1.8.0\Editor\VisualScripting.Core\Dependencies\DotNetZip\Unity.VisualScripting.IonicZip.dll
- Loaded All Assemblies, in  1.090 seconds
Refreshing native plugins compatible for Editor in 6.25 ms, found 3 plugins.
Native extension for WindowsStandalone target not found
Mono: successfully reloaded assembly
- Finished resetting the current domain, in  0.720 seconds
Domain Reload Profiling: 1805ms
	BeginReloadAssembly (239ms)
		ExecutionOrderSort (0ms)
		DisableScriptedObjects (8ms)
		BackupInstance (0ms)
		ReleaseScriptingObjects (0ms)
		CreateAndSetChildDomain (32ms)
	RebuildCommonClasses (48ms)
	RebuildNativeTypeToScriptingClass (12ms)
	initialDomainReloadingComplete (58ms)
	LoadAllAssembliesAndSetupDomain (727ms)
		LoadAssemblies (601ms)
		RebuildTransferFunctionScriptingTraits (0ms)
		AnalyzeDomain (275ms)
			TypeCache.Refresh (252ms)
				TypeCache.ScanAssembly (225ms)
			ScanForSourceGeneratedMonoScriptInfo (15ms)
			ResolveRequiredComponents (5ms)
	FinalizeReload (721ms)
		ReleaseScriptCaches (0ms)
		RebuildScriptCaches (0ms)
		SetupLoadedEditorAssemblies (529ms)
			LogAssemblyErrors (0ms)
			InitializePlatformSupportModulesInManaged (9ms)
			SetLoadedEditorAssemblies (6ms)
			RefreshPlugins (0ms)
			BeforeProcessingInitializeOnLoad (89ms)
			ProcessInitializeOnLoadAttributes (375ms)
			ProcessInitializeOnLoadMethodAttributes (36ms)
			AfterProcessingInitializeOnLoad (14ms)
			EditorAssembliesLoaded (0ms)
		ExecutionOrderSort2 (0ms)
		AwakeInstancesAfterBackupRestoration (16ms)
Shader 'Custom/AdditiveTintable': fallback shader 'Particles/Additive (Soft)' not found
Launched and connected shader compiler UnityShaderCompiler.exe after 0.10 seconds
Refreshing native plugins compatible for Editor in 7.26 ms, found 3 plugins.
Preloading 0 native plugins for Editor in 0.00 ms.
Unloading 3205 Unused Serialized files (Serialized files now loaded: 0)
Unloading 31 unused Assets / (56.3 KB). Loaded Objects now: 3669.
Memory consumption went from 117.9 MB to 117.8 MB.
Total: 5.563900 ms (FindLiveObjects: 0.519800 ms CreateObjectMapping: 0.301100 ms MarkObjects: 4.572400 ms  DeleteObjects: 0.168300 ms)

AssetImportParameters requested are different than current active one (requested -> active):
  custom:container-demuxer-ogg: 62fdf1f143b41e24485cea50d1cbac27 -> 
  custom:video-codec-MediaFoundation-h265: 746d11721c4dcdbdad8f713fa42b33f4 -> 
  custom:video-decoder-ogg-theora: a1e56fd34408186e4bbccfd4996cb3dc -> 
  custom:framework-win-MediaFoundation: 216162199b28c13a410421893ffa2e32 -> 
  custom:CustomObjectIndexerAttribute: 756ad292c208cfabdd7b50bc23989ffe -> 
  custom:container-demuxer-webm: 4f35f7cbe854078d1ac9338744f61a02 -> 
  custom:container-muxer-webm: aa71ff27fc2769a1b78a27578f13a17b -> 
  custom:video-decoder-webm-vp8: 9c59270c3fd7afecdb556c50c9e8de78 -> 
  custom:SearchIndexIgnoredProperties: e643bd26f0fe6173181afceb89e7c659 -> 
  custom:AudioImporter_EditorPlatform: d09bf68614088b80899f8185d706f6e7 -> 
  custom:video-encoder-webm-vp8: eb34c28f22e8b96e1ab97ce403110664 -> 
  custom:audio-decoder-ogg-vorbis: bf7c407c2cedff20999df2af8eb42d56 -> 
  custom:audio-encoder-webm-vorbis: bf7c407c2cedff20999df2af8eb42d56 -> 
========================================================================
Received Import Request.
  Time since last request: 96133.269067 seconds.
  path: Assets/Silantro Simulator/Silantro/Support/Standard Assets/Characters/FirstPersonCharacter/Scripts/RigidbodyFirstPersonController.cs
  artifactKey: Guid(81c9795a96c094f4cbde4d65546aa9b2) Importer(2089858483,0ecaa5967403d082aa24f35e1b516d23)
Start importing Assets/Silantro Simulator/Silantro/Support/Standard Assets/Characters/FirstPersonCharacter/Scripts/RigidbodyFirstPersonController.cs using Guid(81c9795a96c094f4cbde4d65546aa9b2) Importer(2089858483,0ecaa5967403d082aa24f35e1b516d23) Generated GUIDs only implemented for interfaces!
 -> (artifact id: '4fc47f336e424573fcfe030e57fc15d4') in 0.142837 seconds
Number of updated asset objects reloaded before import = 0
Number of asset objects unloaded after import = 1
========================================================================
Received Import Request.
  Time since last request: 0.000029 seconds.
  path: Assets/Silantro Simulator/Silantro/Support/Standard Assets/Utility/Prefabs/FramerateCounter.prefab
  artifactKey: Guid(81154777d5417884981849c5243f6c01) Importer(2089858483,0ecaa5967403d082aa24f35e1b516d23)
Start importing Assets/Silantro Simulator/Silantro/Support/Standard Assets/Utility/Prefabs/FramerateCounter.prefab using Guid(81154777d5417884981849c5243f6c01) Importer(2089858483,0ecaa5967403d082aa24f35e1b516d23) Generated GUIDs only implemented for interfaces!
 -> (artifact id: '1f2572113bc39db2ff5cfdd9497ed7ee') in 0.051263 seconds
Number of updated asset objects reloaded before import = 0
Number of asset objects unloaded after import = 12
========================================================================
Received Import Request.
  Time since last request: 0.000018 seconds.
  path: Assets/Silantro Simulator/Silantro/Support/Standard Assets/CrossPlatformInput/Sprites/SliderHandleSprite.png
  artifactKey: Guid(0626b924325d1c34cafa6b22297f4e4f) Importer(2089858483,0ecaa5967403d082aa24f35e1b516d23)
Start importing Assets/Silantro Simulator/Silantro/Support/Standard Assets/CrossPlatformInput/Sprites/SliderHandleSprite.png using Guid(0626b924325d1c34cafa6b22297f4e4f) Importer(2089858483,0ecaa5967403d082aa24f35e1b516d23) Generated GUIDs only implemented for interfaces!
 -> (artifact id: '9c38436fc1015cd760b71dfb58c1228f') in 0.069470 seconds
Number of updated asset objects reloaded before import = 0
Number of asset objects unloaded after import = 3
========================================================================
Received Import Request.
  Time since last request: 0.000023 seconds.
  path: Assets/Silantro Simulator/Fixed Wing/Sounds/Default/Engines/Jet/Unmixed/Exterior Rear Idle.wav
  artifactKey: Guid(9cdd8174d24bc5a408383022048c68aa) Importer(2089858483,0ecaa5967403d082aa24f35e1b516d23)
Start importing Assets/Silantro Simulator/Fixed Wing/Sounds/Default/Engines/Jet/Unmixed/Exterior Rear Idle.wav using Guid(9cdd8174d24bc5a408383022048c68aa) Importer(2089858483,0ecaa5967403d082aa24f35e1b516d23) Generated GUIDs only implemented for interfaces!
 -> (artifact id: '39a67b49bcb41a905ca25381acf27d82') in 0.096054 seconds
Number of updated asset objects reloaded before import = 0
Number of asset objects unloaded after import = 1
========================================================================
Received Import Request.
  Time since last request: 0.000115 seconds.
  path: Assets/Silantro Simulator/Silantro/Support/Standard Assets/CrossPlatformInput/Sprites/ButtonSpacebarSprite.png
  artifactKey: Guid(3d8675433a508ec47b8f895201eacf20) Importer(2089858483,0ecaa5967403d082aa24f35e1b516d23)
Start importing Assets/Silantro Simulator/Silantro/Support/Standard Assets/CrossPlatformInput/Sprites/ButtonSpacebarSprite.png using Guid(3d8675433a508ec47b8f895201eacf20) Importer(2089858483,0ecaa5967403d082aa24f35e1b516d23) Generated GUIDs only implemented for interfaces!
 -> (artifact id: '7b04c30347c2cd9854f96f2639d933d4') in 0.030848 seconds
Number of updated asset objects reloaded before import = 0
Number of asset objects unloaded after import = 3
========================================================================
Received Import Request.
  Time since last request: 0.000022 seconds.
  path: Assets/Silantro Simulator/Fixed Wing/Sounds/Default/Engines/Propeller/Exterior/Propeller Running.wav
  artifactKey: Guid(a9680e68437c59d4d8d607586a4ad0b0) Importer(2089858483,0ecaa5967403d082aa24f35e1b516d23)
Start importing Assets/Silantro Simulator/Fixed Wing/Sounds/Default/Engines/Propeller/Exterior/Propeller Running.wav using Guid(a9680e68437c59d4d8d607586a4ad0b0) Importer(2089858483,0ecaa5967403d082aa24f35e1b516d23) Generated GUIDs only implemented for interfaces!
 -> (artifact id: '958ea39db6cdcf6591b007050ad7b7df') in 0.089169 seconds
Number of updated asset objects reloaded before import = 0
Number of asset objects unloaded after import = 1
========================================================================
Received Import Request.
  Time since last request: 0.000066 seconds.
  path: Assets/Silantro Simulator/Silantro/Support/Standard Assets/Characters/ThirdPersonCharacter/Animation/HumanoidMidAir.fbx
  artifactKey: Guid(668a3a767d22c144d9d8e5030b2e2394) Importer(2089858483,0ecaa5967403d082aa24f35e1b516d23)
Start importing Assets/Silantro Simulator/Silantro/Support/Standard Assets/Characters/ThirdPersonCharacter/Animation/HumanoidMidAir.fbx using Guid(668a3a767d22c144d9d8e5030b2e2394) Importer(2089858483,0ecaa5967403d082aa24f35e1b516d23) Generated GUIDs only implemented for interfaces!
 -> (artifact id: 'a1653d60a11e19eb79995b8c62977b25') in 0.140185 seconds
Number of updated asset objects reloaded before import = 0
Number of asset objects unloaded after import = 184
========================================================================
Received Import Request.
  Time since last request: 0.000033 seconds.
  path: Assets/Silantro Simulator/Silantro/Support/Standard Assets/Characters/ThirdPersonCharacter/Scripts/ThirdPersonUserControl.cs
  artifactKey: Guid(521b611700410be45810047f0a74e899) Importer(2089858483,0ecaa5967403d082aa24f35e1b516d23)
Start importing Assets/Silantro Simulator/Silantro/Support/Standard Assets/Characters/ThirdPersonCharacter/Scripts/ThirdPersonUserControl.cs using Guid(521b611700410be45810047f0a74e899) Importer(2089858483,0ecaa5967403d082aa24f35e1b516d23) Generated GUIDs only implemented for interfaces!
 -> (artifact id: '22a2ab0fa1e76cb5e6dcb455c6b38c0c') in 0.006240 seconds
Number of updated asset objects reloaded before import = 0
Number of asset objects unloaded after import = 1
========================================================================
Received Import Request.
  Time since last request: 0.000058 seconds.
  path: Assets/Silantro Simulator/Silantro/Support/Standard Assets/Characters/ThirdPersonCharacter/Textures/Thumbs.db
  artifactKey: Guid(094adbceded6c634f9319ac7fd9cf82d) Importer(2089858483,0ecaa5967403d082aa24f35e1b516d23)
Start importing Assets/Silantro Simulator/Silantro/Support/Standard Assets/Characters/ThirdPersonCharacter/Textures/Thumbs.db using Guid(094adbceded6c634f9319ac7fd9cf82d) Importer(2089858483,0ecaa5967403d082aa24f35e1b516d23) Generated GUIDs only implemented for interfaces!
 -> (artifact id: 'c757b0452c22aa04d6891991c806b5d0') in 0.004974 seconds
Number of updated asset objects reloaded before import = 0
Number of asset objects unloaded after import = 1
========================================================================
Received Import Request.
  Time since last request: 0.000087 seconds.
  path: Assets/Silantro Simulator/Silantro/Support/Standard Assets/Characters/ThirdPersonCharacter/Animation/HumanoidRunTurnSharp.fbx
  artifactKey: Guid(60d8edac61d094e45bd68091e81e02c8) Importer(2089858483,0ecaa5967403d082aa24f35e1b516d23)
Start importing Assets/Silantro Simulator/Silantro/Support/Standard Assets/Characters/ThirdPersonCharacter/Animation/HumanoidRunTurnSharp.fbx using Guid(60d8edac61d094e45bd68091e81e02c8) Importer(2089858483,0ecaa5967403d082aa24f35e1b516d23) Generated GUIDs only implemented for interfaces!
 -> (artifact id: 'ddf26f553fdc3b89bc4d6990372385ba') in 0.068915 seconds
Number of updated asset objects reloaded before import = 0
Number of asset objects unloaded after import = 158
========================================================================
Received Import Request.
  Time since last request: 0.000014 seconds.
  path: Assets/Silantro Simulator/Silantro/Support/Standard Assets/Characters/ThirdPersonCharacter/Animator/ThirdPersonAnimatorController.controller
  artifactKey: Guid(106c052d57ceed64aac75a95bd93a78f) Importer(2089858483,0ecaa5967403d082aa24f35e1b516d23)
Start importing Assets/Silantro Simulator/Silantro/Support/Standard Assets/Characters/ThirdPersonCharacter/Animator/ThirdPersonAnimatorController.controller using Guid(106c052d57ceed64aac75a95bd93a78f) Importer(2089858483,0ecaa5967403d082aa24f35e1b516d23) Generated GUIDs only implemented for interfaces!
 -> (artifact id: 'da4fb9188461263fd73fb609367fbab0') in 0.016693 seconds
Number of updated asset objects reloaded before import = 0
Number of asset objects unloaded after import = 18
========================================================================
Received Import Request.
  Time since last request: 0.000016 seconds.
  path: Assets/Silantro Simulator/Silantro/Support/Standard Assets/Characters/ThirdPersonCharacter/Scripts/ThirdPersonCharacter.cs
  artifactKey: Guid(ce7a80d520cacc042b5fe14f373d8173) Importer(2089858483,0ecaa5967403d082aa24f35e1b516d23)
Start importing Assets/Silantro Simulator/Silantro/Support/Standard Assets/Characters/ThirdPersonCharacter/Scripts/ThirdPersonCharacter.cs using Guid(ce7a80d520cacc042b5fe14f373d8173) Importer(2089858483,0ecaa5967403d082aa24f35e1b516d23) Generated GUIDs only implemented for interfaces!
 -> (artifact id: 'af5f98f948990064e6f97ef33e326614') in 0.006301 seconds
Number of updated asset objects reloaded before import = 0
Number of asset objects unloaded after import = 1
========================================================================
Received Import Request.
  Time since last request: 0.000047 seconds.
  path: Assets/Silantro Simulator/Fixed Wing/Sounds/Default/Engines/Jet/Mixed/Default/Exterior Side.wav
  artifactKey: Guid(1754d86f85c0bb44d9d4a6816d4931ac) Importer(2089858483,0ecaa5967403d082aa24f35e1b516d23)
Start importing Assets/Silantro Simulator/Fixed Wing/Sounds/Default/Engines/Jet/Mixed/Default/Exterior Side.wav using Guid(1754d86f85c0bb44d9d4a6816d4931ac) Importer(2089858483,0ecaa5967403d082aa24f35e1b516d23) Generated GUIDs only implemented for interfaces!
 -> (artifact id: '5a818b6f4b54c052b4ef8ed1617e9def') in 0.082896 seconds
Number of updated asset objects reloaded before import = 0
Number of asset objects unloaded after import = 1
========================================================================
Received Import Request.
  Time since last request: 0.000051 seconds.
  path: Assets/Silantro Simulator/Silantro/Support/Standard Assets/Characters/ThirdPersonCharacter/Animation/HumanoidRunTurn.fbx
  artifactKey: Guid(cb98ee7ea9eb9404aad09c11ac6898da) Importer(2089858483,0ecaa5967403d082aa24f35e1b516d23)
Start importing Assets/Silantro Simulator/Silantro/Support/Standard Assets/Characters/ThirdPersonCharacter/Animation/HumanoidRunTurn.fbx using Guid(cb98ee7ea9eb9404aad09c11ac6898da) Importer(2089858483,0ecaa5967403d082aa24f35e1b516d23) Generated GUIDs only implemented for interfaces!
 -> (artifact id: '8bf2f439b5df63eaca7290c4f918e7bf') in 0.067068 seconds
Number of updated asset objects reloaded before import = 0
Number of asset objects unloaded after import = 184
========================================================================
Received Import Request.
  Time since last request: 0.000018 seconds.
  path: Assets/Silantro Simulator/Silantro/Support/Standard Assets/CrossPlatformInput/Sprites/ButtonTimescaleSlowUpSprite.png
  artifactKey: Guid(9d7c6e4896067aa4fa512a00f692ac1c) Importer(2089858483,0ecaa5967403d082aa24f35e1b516d23)
Start importing Assets/Silantro Simulator/Silantro/Support/Standard Assets/CrossPlatformInput/Sprites/ButtonTimescaleSlowUpSprite.png using Guid(9d7c6e4896067aa4fa512a00f692ac1c) Importer(2089858483,0ecaa5967403d082aa24f35e1b516d23) Generated GUIDs only implemented for interfaces!
 -> (artifact id: 'd79015900ce2020046f26349f01ccaad') in 0.027588 seconds
Number of updated asset objects reloaded before import = 0
Number of asset objects unloaded after import = 3
========================================================================
Received Import Request.
  Time since last request: 0.000024 seconds.
  path: Assets/Silantro Simulator/Fixed Wing/Sounds/Default/Impacts/Wood/Wood_02.wav
  artifactKey: Guid(d5b49ee21d3e2084d8da404642060c5d) Importer(2089858483,0ecaa5967403d082aa24f35e1b516d23)
Start importing Assets/Silantro Simulator/Fixed Wing/Sounds/Default/Impacts/Wood/Wood_02.wav using Guid(d5b49ee21d3e2084d8da404642060c5d) Importer(2089858483,0ecaa5967403d082aa24f35e1b516d23) Generated GUIDs only implemented for interfaces!
 -> (artifact id: '65be2a7928ac697e891ba6105b8b33bf') in 0.035797 seconds
Number of updated asset objects reloaded before import = 0
Number of asset objects unloaded after import = 1
========================================================================
Received Import Request.
  Time since last request: 0.000155 seconds.
  path: Assets/Silantro Simulator/Fixed Wing/Sounds/Default/Extras/Stall Warning.wav
  artifactKey: Guid(971f938548c56b04fa8ab53be1fe8408) Importer(2089858483,0ecaa5967403d082aa24f35e1b516d23)
Start importing Assets/Silantro Simulator/Fixed Wing/Sounds/Default/Extras/Stall Warning.wav using Guid(971f938548c56b04fa8ab53be1fe8408) Importer(2089858483,0ecaa5967403d082aa24f35e1b516d23) Generated GUIDs only implemented for interfaces!
 -> (artifact id: '3514971154e4622291243cbd2ef3dd92') in 0.065456 seconds
Number of updated asset objects reloaded before import = 0
Number of asset objects unloaded after import = 1
========================================================================
Received Import Request.
  Time since last request: 0.000053 seconds.
  path: Assets/Silantro Simulator/Fixed Wing/Sounds/Default/Engines/Jet/Mixed/Exterior/Exterior Rear Idle A.wav
  artifactKey: Guid(71e0477ed7b3816448fcb5d2ee1f032f) Importer(2089858483,0ecaa5967403d082aa24f35e1b516d23)
Start importing Assets/Silantro Simulator/Fixed Wing/Sounds/Default/Engines/Jet/Mixed/Exterior/Exterior Rear Idle A.wav using Guid(71e0477ed7b3816448fcb5d2ee1f032f) Importer(2089858483,0ecaa5967403d082aa24f35e1b516d23) Generated GUIDs only implemented for interfaces!
 -> (artifact id: '2663e8a2a37dab61e74e71c65a2acf5c') in 0.075847 seconds
Number of updated asset objects reloaded before import = 0
Number of asset objects unloaded after import = 1
========================================================================
Received Import Request.
  Time since last request: 0.000077 seconds.
  path: Assets/Silantro Simulator/Fixed Wing/Sounds/Default/Engines/Jet/Mixed/Exterior/Exterior Jet Stop.wav
  artifactKey: Guid(852592e778fd9f248ad2dbbd0504ea76) Importer(2089858483,0ecaa5967403d082aa24f35e1b516d23)
Start importing Assets/Silantro Simulator/Fixed Wing/Sounds/Default/Engines/Jet/Mixed/Exterior/Exterior Jet Stop.wav using Guid(852592e778fd9f248ad2dbbd0504ea76) Importer(2089858483,0ecaa5967403d082aa24f35e1b516d23) Generated GUIDs only implemented for interfaces!
 -> (artifact id: 'c4a9e4624dca191624fdbeca567a2d2a') in 0.044684 seconds
Number of updated asset objects reloaded before import = 0
Number of asset objects unloaded after import = 1
========================================================================
Received Import Request.
  Time since last request: 0.000019 seconds.
  path: Assets/Silantro Simulator/Fixed Wing/Models/Aircrafts/Super Tucano/Materials/Fast Propeller.mat
  artifactKey: Guid(896a9c3fd2e45d34cb069abfec13fcc8) Importer(2089858483,0ecaa5967403d082aa24f35e1b516d23)
Start importing Assets/Silantro Simulator/Fixed Wing/Models/Aircrafts/Super Tucano/Materials/Fast Propeller.mat using Guid(896a9c3fd2e45d34cb069abfec13fcc8) Importer(2089858483,0ecaa5967403d082aa24f35e1b516d23) Generated GUIDs only implemented for interfaces!
 -> (artifact id: '49d2991cd38cb873fcc89d0d9e549518') in 0.036289 seconds
Number of updated asset objects reloaded before import = 0
Number of asset objects unloaded after import = 2
========================================================================
Received Import Request.
  Time since last request: 0.000329 seconds.
  path: Assets/Silantro Simulator/Silantro/Support/Standard Assets/CrossPlatformInput/Scripts/MobileControlRig.cs
  artifactKey: Guid(71398ce7fbc3a5b4fa50b50bd54317a7) Importer(2089858483,0ecaa5967403d082aa24f35e1b516d23)
Start importing Assets/Silantro Simulator/Silantro/Support/Standard Assets/CrossPlatformInput/Scripts/MobileControlRig.cs using Guid(71398ce7fbc3a5b4fa50b50bd54317a7) Importer(2089858483,0ecaa5967403d082aa24f35e1b516d23) Generated GUIDs only implemented for interfaces!
 -> (artifact id: '6be79d0e8b392cc450ab2984a2850a12') in 0.007565 seconds
Number of updated asset objects reloaded before import = 0
Number of asset objects unloaded after import = 1
========================================================================
Received Import Request.
  Time since last request: 0.000060 seconds.
  path: Assets/Silantro Simulator/Fixed Wing/Sounds/Default/Weapons/Shells/Shell 2.wav
  artifactKey: Guid(6ed80f9f7f7990646adc985da2fe4dd1) Importer(2089858483,0ecaa5967403d082aa24f35e1b516d23)
Start importing Assets/Silantro Simulator/Fixed Wing/Sounds/Default/Weapons/Shells/Shell 2.wav using Guid(6ed80f9f7f7990646adc985da2fe4dd1) Importer(2089858483,0ecaa5967403d082aa24f35e1b516d23) Generated GUIDs only implemented for interfaces!
 -> (artifact id: '7538628332e337052a67bb978cce1099') in 0.081803 seconds
Number of updated asset objects reloaded before import = 0
Number of asset objects unloaded after import = 1
========================================================================
Received Import Request.
  Time since last request: 0.000066 seconds.
  path: Assets/Silantro Simulator/Fixed Wing/Textures/Lightmaps/A-29 Demonstrator/LightingData.asset
  artifactKey: Guid(a968bc4f6af844048b7f5c28dd4ae611) Importer(2089858483,0ecaa5967403d082aa24f35e1b516d23)
Start importing Assets/Silantro Simulator/Fixed Wing/Textures/Lightmaps/A-29 Demonstrator/LightingData.asset using Guid(a968bc4f6af844048b7f5c28dd4ae611) Importer(2089858483,0ecaa5967403d082aa24f35e1b516d23) Generated GUIDs only implemented for interfaces!
 -> (artifact id: 'c70515ea5fc6c91b588098ba67fd50d1') in 0.006418 seconds
Number of updated asset objects reloaded before import = 0
Number of asset objects unloaded after import = 2
========================================================================
Received Import Request.
  Time since last request: 0.000017 seconds.
  path: Assets/Silantro Simulator/Fixed Wing/Textures/Lightmaps/Tucano Air/ReflectionProbe-0.exr
  artifactKey: Guid(fb702525cfb88484aa1ee171996f50bf) Importer(2089858483,0ecaa5967403d082aa24f35e1b516d23)
Start importing Assets/Silantro Simulator/Fixed Wing/Textures/Lightmaps/Tucano Air/ReflectionProbe-0.exr using Guid(fb702525cfb88484aa1ee171996f50bf) Importer(2089858483,0ecaa5967403d082aa24f35e1b516d23) Generated GUIDs only implemented for interfaces!
 -> (artifact id: '163190bcc94e1ae131a287b9417ae0c8') in 0.028814 seconds
Number of updated asset objects reloaded before import = 0
Number of asset objects unloaded after import = 1
========================================================================
Received Import Request.
  Time since last request: 0.000020 seconds.
  path: Assets/Silantro Simulator/Fixed Wing/Sounds/Default/Warning/ManeuverTone.ogg
  artifactKey: Guid(2fe04d346dd81164eb8584cffb44ce38) Importer(2089858483,0ecaa5967403d082aa24f35e1b516d23)
Start importing Assets/Silantro Simulator/Fixed Wing/Sounds/Default/Warning/ManeuverTone.ogg using Guid(2fe04d346dd81164eb8584cffb44ce38) Importer(2089858483,0ecaa5967403d082aa24f35e1b516d23) Generated GUIDs only implemented for interfaces!
 -> (artifact id: '159a35dfcab07c51667d53fd0f597451') in 0.045667 seconds
Number of updated asset objects reloaded before import = 0
Number of asset objects unloaded after import = 1
========================================================================
Received Import Request.
  Time since last request: 0.000017 seconds.
  path: Assets/Silantro Simulator/Fixed Wing/Textures/MFD/Dials/MFD Altimeter.png
  artifactKey: Guid(a70ad95044bfeb0459e0add2a8117728) Importer(2089858483,0ecaa5967403d082aa24f35e1b516d23)
Start importing Assets/Silantro Simulator/Fixed Wing/Textures/MFD/Dials/MFD Altimeter.png using Guid(a70ad95044bfeb0459e0add2a8117728) Importer(2089858483,0ecaa5967403d082aa24f35e1b516d23) Generated GUIDs only implemented for interfaces!
 -> (artifact id: 'e2251fd5b4475f8fbfc0c21769a2b193') in 0.033467 seconds
Number of updated asset objects reloaded before import = 0
Number of asset objects unloaded after import = 3
========================================================================
Received Import Request.
  Time since last request: 0.000024 seconds.
  path: Assets/Silantro Simulator/Fixed Wing/Models/Targets/Truck/Textures/Truck 5 Diffuse.png
  artifactKey: Guid(b08586eea3222b142992650d2794034b) Importer(2089858483,0ecaa5967403d082aa24f35e1b516d23)
Start importing Assets/Silantro Simulator/Fixed Wing/Models/Targets/Truck/Textures/Truck 5 Diffuse.png using Guid(b08586eea3222b142992650d2794034b) Importer(2089858483,0ecaa5967403d082aa24f35e1b516d23) Generated GUIDs only implemented for interfaces!
 -> (artifact id: 'b05fb6d4d224fa616e0531e80c49ef91') in 0.024562 seconds
Number of updated asset objects reloaded before import = 0
Number of asset objects unloaded after import = 1
========================================================================
Received Import Request.
  Time since last request: 0.000074 seconds.
  path: Assets/Silantro Simulator/Silantro/Support/Standard Assets/Utility/FOVKick.cs
  artifactKey: Guid(6045a93fb05b9c74884821030da2c46c) Importer(2089858483,0ecaa5967403d082aa24f35e1b516d23)
Start importing Assets/Silantro Simulator/Silantro/Support/Standard Assets/Utility/FOVKick.cs using Guid(6045a93fb05b9c74884821030da2c46c) Importer(2089858483,0ecaa5967403d082aa24f35e1b516d23) Generated GUIDs only implemented for interfaces!
 -> (artifact id: 'e3832744060b5ca1dcba305da8735590') in 0.007568 seconds
Number of updated asset objects reloaded before import = 0
Number of asset objects unloaded after import = 1
========================================================================
Received Import Request.
  Time since last request: 0.000020 seconds.
  path: Assets/Silantro Simulator/Fixed Wing/Textures/MFD/Processed/Horizon Mask.png
  artifactKey: Guid(8a95e9d3bfcef8b44a99dbb4412e9291) Importer(2089858483,0ecaa5967403d082aa24f35e1b516d23)
Start importing Assets/Silantro Simulator/Fixed Wing/Textures/MFD/Processed/Horizon Mask.png using Guid(8a95e9d3bfcef8b44a99dbb4412e9291) Importer(2089858483,0ecaa5967403d082aa24f35e1b516d23) Generated GUIDs only implemented for interfaces!
 -> (artifact id: '22aec96851d39e5de93123bd2f326fc8') in 0.338298 seconds
Number of updated asset objects reloaded before import = 0
Number of asset objects unloaded after import = 3
========================================================================
Received Import Request.
  Time since last request: 0.000033 seconds.
  path: Assets/Silantro Simulator/Fixed Wing/Sounds/Default/Flaps/Flaps Loop.wav
  artifactKey: Guid(4477ff804883f2644ac0a3757c377654) Importer(2089858483,0ecaa5967403d082aa24f35e1b516d23)
Start importing Assets/Silantro Simulator/Fixed Wing/Sounds/Default/Flaps/Flaps Loop.wav using Guid(4477ff804883f2644ac0a3757c377654) Importer(2089858483,0ecaa5967403d082aa24f35e1b516d23) Generated GUIDs only implemented for interfaces!
 -> (artifact id: '5468655952412deafd676323da1c3c18') in 0.048484 seconds
Number of updated asset objects reloaded before import = 0
Number of asset objects unloaded after import = 1
========================================================================
Received Import Request.
  Time since last request: 0.000034 seconds.
  path: Assets/Silantro Simulator/Silantro/Support/Standard Assets/CrossPlatformInput/Scripts/InputAxisScrollbar.cs
  artifactKey: Guid(7d3269566d48b8447bb48d2259e28f8b) Importer(2089858483,0ecaa5967403d082aa24f35e1b516d23)
Start importing Assets/Silantro Simulator/Silantro/Support/Standard Assets/CrossPlatformInput/Scripts/InputAxisScrollbar.cs using Guid(7d3269566d48b8447bb48d2259e28f8b) Importer(2089858483,0ecaa5967403d082aa24f35e1b516d23) Generated GUIDs only implemented for interfaces!
 -> (artifact id: '35be31efa54e8f5f3be5a3559557e148') in 0.011520 seconds
Number of updated asset objects reloaded before import = 0
Number of asset objects unloaded after import = 1
========================================================================
Received Import Request.
  Time since last request: 0.000094 seconds.
  path: Assets/Silantro Simulator/Fixed Wing/Textures/Propeller/QuadRotor.png
  artifactKey: Guid(36234b395a0e0904d83a034599afca8a) Importer(2089858483,0ecaa5967403d082aa24f35e1b516d23)
Start importing Assets/Silantro Simulator/Fixed Wing/Textures/Propeller/QuadRotor.png using Guid(36234b395a0e0904d83a034599afca8a) Importer(2089858483,0ecaa5967403d082aa24f35e1b516d23) Generated GUIDs only implemented for interfaces!
 -> (artifact id: '1746e31058f54af67e9b919677caf093') in 0.030558 seconds
Number of updated asset objects reloaded before import = 0
Number of asset objects unloaded after import = 1
========================================================================
Received Import Request.
  Time since last request: 0.000086 seconds.
  path: Assets/Silantro Simulator/Fixed Wing/Textures/Light Flares/Textures/FlareStar.psd
  artifactKey: Guid(51dc82ef9d11c594d000e7c9e39e7c39) Importer(2089858483,0ecaa5967403d082aa24f35e1b516d23)
Start importing Assets/Silantro Simulator/Fixed Wing/Textures/Light Flares/Textures/FlareStar.psd using Guid(51dc82ef9d11c594d000e7c9e39e7c39) Importer(2089858483,0ecaa5967403d082aa24f35e1b516d23) Generated GUIDs only implemented for interfaces!
 -> (artifact id: '06e5ecad8557a3c8dafc1e3c642bcc76') in 0.030213 seconds
Number of updated asset objects reloaded before import = 0
Number of asset objects unloaded after import = 1
========================================================================
Received Import Request.
  Time since last request: 0.000077 seconds.
  path: Assets/Silantro Simulator/Silantro/Support/Standard Assets/PhysicsMaterials/Wood.physicmaterial
  artifactKey: Guid(3aeb7dadc0c69d54d9e5777e9d5631f1) Importer(2089858483,0ecaa5967403d082aa24f35e1b516d23)
Start importing Assets/Silantro Simulator/Silantro/Support/Standard Assets/PhysicsMaterials/Wood.physicmaterial using Guid(3aeb7dadc0c69d54d9e5777e9d5631f1) Importer(2089858483,0ecaa5967403d082aa24f35e1b516d23) Generated GUIDs only implemented for interfaces!
 -> (artifact id: '3a4a0d6757c6404bd658ced81f05d7b7') in 0.007396 seconds
Number of updated asset objects reloaded before import = 0
Number of asset objects unloaded after import = 1
========================================================================
Received Import Request.
  Time since last request: 0.000022 seconds.
  path: Assets/Silantro Simulator/Fixed Wing/Sounds/Default/Weapons/Minigun/GAU8 End.wav
  artifactKey: Guid(66b480cb01de5cb4eb6893dd738f223b) Importer(2089858483,0ecaa5967403d082aa24f35e1b516d23)
Start importing Assets/Silantro Simulator/Fixed Wing/Sounds/Default/Weapons/Minigun/GAU8 End.wav using Guid(66b480cb01de5cb4eb6893dd738f223b) Importer(2089858483,0ecaa5967403d082aa24f35e1b516d23) Generated GUIDs only implemented for interfaces!
 -> (artifact id: '0e88d58b75f0a9102a06a2cadf9a0b67') in 0.072256 seconds
Number of updated asset objects reloaded before import = 0
Number of asset objects unloaded after import = 1
========================================================================
Received Import Request.
  Time since last request: 0.000078 seconds.
  path: Assets/Silantro Simulator/Fixed Wing/Models/Aircrafts/Thunderbolt/Textures/Body_Normal.png
  artifactKey: Guid(294364cd4600e074da3f183ae45fabbe) Importer(2089858483,0ecaa5967403d082aa24f35e1b516d23)
Start importing Assets/Silantro Simulator/Fixed Wing/Models/Aircrafts/Thunderbolt/Textures/Body_Normal.png using Guid(294364cd4600e074da3f183ae45fabbe) Importer(2089858483,0ecaa5967403d082aa24f35e1b516d23) Generated GUIDs only implemented for interfaces!
 -> (artifact id: 'e2a0a811d2e037f8f7594ffed39aa78e') in 0.024094 seconds
Number of updated asset objects reloaded before import = 0
Number of asset objects unloaded after import = 1
========================================================================
Received Import Request.
  Time since last request: 0.000087 seconds.
  path: Assets/Silantro Simulator/Fixed Wing/Textures/Explosion Sheets/Spark.tga
  artifactKey: Guid(6f3d7f53335816a42be8cdc540e49293) Importer(2089858483,0ecaa5967403d082aa24f35e1b516d23)
Start importing Assets/Silantro Simulator/Fixed Wing/Textures/Explosion Sheets/Spark.tga using Guid(6f3d7f53335816a42be8cdc540e49293) Importer(2089858483,0ecaa5967403d082aa24f35e1b516d23) Generated GUIDs only implemented for interfaces!
 -> (artifact id: '5939a48b54f021fb3dce7e6a18ce16e5') in 0.021250 seconds
Number of updated asset objects reloaded before import = 0
Number of asset objects unloaded after import = 1
Editor requested this worker to shutdown with reason: Scaling down because of idle timeout
TcpMessagingSession - receive error: operation aborted. errorcode: 995, details: The I/O operation has been aborted because of either a thread exit or an application request.
AssetImportWorker is now disconnected from the server
Process exiting
Exiting without the bug reporter. Application will terminate with return code 0